<?xml version="1.0" encoding="UTF-8"?>
<coverage generated="1749112063308" clover="3.2.0">
  <project timestamp="1749112063308" name="All files">
    <metrics statements="118" coveredstatements="118" conditionals="58" coveredconditionals="58" methods="34" coveredmethods="34" elements="210" coveredelements="210" complexity="0" loc="118" ncloc="118" packages="6" files="6" classes="6"/>
    <package name="Features.Ree">
      <metrics statements="50" coveredstatements="50" conditionals="22" coveredconditionals="22" methods="10" coveredmethods="10"/>
      <file name="index.tsx" path="C:/Users/Marionogame/Desktop/Test/test-ree-web/src/Features/Ree/index.tsx">
        <metrics statements="50" coveredstatements="50" conditionals="22" coveredconditionals="22" methods="10" coveredmethods="10"/>
        <line num="29" count="1" type="stmt"/>
        <line num="32" count="1" type="stmt"/>
        <line num="33" count="46" type="stmt"/>
        <line num="34" count="46" type="stmt"/>
        <line num="35" count="46" type="stmt"/>
        <line num="36" count="46" type="stmt"/>
        <line num="38" count="46" type="stmt"/>
        <line num="39" count="46" type="stmt"/>
        <line num="41" count="46" type="stmt"/>
        <line num="43" count="46" type="stmt"/>
        <line num="44" count="16" type="cond" truecount="4" falsecount="0"/>
        <line num="45" count="7" type="stmt"/>
        <line num="46" count="7" type="stmt"/>
        <line num="51" count="46" type="stmt"/>
        <line num="52" count="9" type="stmt"/>
        <line num="53" count="25" type="stmt"/>
        <line num="55" count="9" type="stmt"/>
        <line num="56" count="9" type="stmt"/>
        <line num="57" count="9" type="stmt"/>
        <line num="58" count="1" type="stmt"/>
        <line num="63" count="46" type="stmt"/>
        <line num="64" count="8" type="stmt"/>
        <line num="65" count="8" type="stmt"/>
        <line num="66" count="16" type="stmt"/>
        <line num="68" count="8" type="stmt"/>
        <line num="71" count="8" type="stmt"/>
        <line num="72" count="8" type="stmt"/>
        <line num="75" count="46" type="stmt"/>
        <line num="76" count="1" type="stmt"/>
        <line num="77" count="1" type="stmt"/>
        <line num="81" count="46" type="stmt"/>
        <line num="82" count="9" type="stmt"/>
        <line num="83" count="9" type="stmt"/>
        <line num="84" count="9" type="stmt"/>
        <line num="85" count="9" type="stmt"/>
        <line num="86" count="9" type="stmt"/>
        <line num="87" count="18" type="cond" truecount="2" falsecount="0"/>
        <line num="88" count="14" type="stmt"/>
        <line num="89" count="14" type="cond" truecount="2" falsecount="0"/>
        <line num="90" count="14" type="stmt"/>
        <line num="92" count="4" type="cond" truecount="2" falsecount="0"/>
        <line num="95" count="9" type="cond" truecount="2" falsecount="0"/>
        <line num="96" count="2" type="stmt"/>
        <line num="98" count="7" type="stmt"/>
        <line num="104" count="9" type="stmt"/>
        <line num="107" count="46" type="cond" truecount="2" falsecount="0"/>
        <line num="108" count="13" type="stmt"/>
        <line num="113" count="33" type="cond" truecount="2" falsecount="0"/>
        <line num="114" count="5" type="stmt"/>
        <line num="129" count="28" type="stmt"/>
      </file>
    </package>
    <package name="Features.Ree.Components.ButtonListRee">
      <metrics statements="7" coveredstatements="7" conditionals="2" coveredconditionals="2" methods="4" coveredmethods="4"/>
      <file name="index.tsx" path="C:/Users/Marionogame/Desktop/Test/test-ree-web/src/Features/Ree/Components/ButtonListRee/index.tsx">
        <metrics statements="7" coveredstatements="7" conditionals="2" coveredconditionals="2" methods="4" coveredmethods="4"/>
        <line num="16" count="2" type="stmt"/>
        <line num="17" count="20" type="stmt"/>
        <line num="18" count="20" type="stmt"/>
        <line num="19" count="20" type="stmt"/>
        <line num="22" count="2" type="stmt"/>
        <line num="33" count="20" type="stmt"/>
        <line num="39" count="20" type="stmt"/>
      </file>
    </package>
    <package name="Features.Ree.Components.ListCardRee">
      <metrics statements="9" coveredstatements="9" conditionals="4" coveredconditionals="4" methods="4" coveredmethods="4"/>
      <file name="index.tsx" path="C:/Users/Marionogame/Desktop/Test/test-ree-web/src/Features/Ree/Components/ListCardRee/index.tsx">
        <metrics statements="9" coveredstatements="9" conditionals="4" coveredconditionals="4" methods="4" coveredmethods="4"/>
        <line num="20" count="2" type="stmt"/>
        <line num="21" count="16" type="stmt"/>
        <line num="22" count="16" type="cond" truecount="2" falsecount="0"/>
        <line num="23" count="15" type="stmt"/>
        <line num="24" count="90" type="stmt"/>
        <line num="33" count="1" type="stmt"/>
        <line num="42" count="15" type="stmt"/>
        <line num="44" count="1" type="stmt"/>
        <line num="53" count="16" type="stmt"/>
      </file>
    </package>
    <package name="Features.Ree.Components.TableRee">
      <metrics statements="48" coveredstatements="48" conditionals="30" coveredconditionals="30" methods="16" coveredmethods="16"/>
      <file name="index.tsx" path="C:/Users/Marionogame/Desktop/Test/test-ree-web/src/Features/Ree/Components/TableRee/index.tsx">
        <metrics statements="48" coveredstatements="48" conditionals="30" coveredconditionals="30" methods="16" coveredmethods="16"/>
        <line num="36" count="2" type="stmt"/>
        <line num="37" count="51" type="stmt"/>
        <line num="38" count="51" type="stmt"/>
        <line num="39" count="51" type="stmt"/>
        <line num="40" count="51" type="stmt"/>
        <line num="41" count="51" type="stmt"/>
        <line num="43" count="51" type="stmt"/>
        <line num="44" count="21" type="cond" truecount="2" falsecount="0"/>
        <line num="45" count="18" type="stmt"/>
        <line num="49" count="51" type="stmt"/>
        <line num="51" count="51" type="stmt"/>
        <line num="52" count="1" type="stmt"/>
        <line num="53" count="1" type="stmt"/>
        <line num="56" count="51" type="stmt"/>
        <line num="57" count="51" type="cond" truecount="2" falsecount="0"/>
        <line num="59" count="51" type="stmt"/>
        <line num="60" count="51" type="cond" truecount="4" falsecount="0"/>
        <line num="61" count="28" type="stmt"/>
        <line num="62" count="132" type="stmt"/>
        <line num="64" count="1" type="stmt"/>
        <line num="68" count="2" type="stmt"/>
        <line num="79" count="23" type="stmt"/>
        <line num="91" count="51" type="stmt"/>
        <line num="92" count="51" type="stmt"/>
        <line num="93" count="1" type="cond" truecount="2" falsecount="0"/>
        <line num="98" count="56" type="stmt"/>
        <line num="113" count="1" type="cond" truecount="2" falsecount="0"/>
        <line num="121" count="51" type="stmt"/>
        <line num="122" count="7" type="stmt"/>
        <line num="123" count="7" type="stmt"/>
        <line num="124" count="7" type="stmt"/>
        <line num="125" count="7" type="cond" truecount="4" falsecount="0"/>
        <line num="126" count="2" type="stmt"/>
        <line num="128" count="5" type="cond" truecount="4" falsecount="0"/>
        <line num="129" count="2" type="stmt"/>
        <line num="130" count="2" type="stmt"/>
        <line num="133" count="3" type="stmt"/>
        <line num="134" count="18" type="stmt"/>
        <line num="136" count="18" type="cond" truecount="4" falsecount="0"/>
        <line num="137" count="6" type="stmt"/>
        <line num="139" count="12" type="cond" truecount="4" falsecount="0"/>
        <line num="140" count="6" type="stmt"/>
        <line num="143" count="6" type="stmt"/>
        <line num="146" count="3" type="stmt"/>
        <line num="149" count="51" type="stmt"/>
        <line num="160" count="3" type="stmt"/>
        <line num="168" count="2" type="stmt"/>
        <line num="173" count="7" type="stmt"/>
      </file>
    </package>
    <package name="Features.Ree.Test.Mock">
      <metrics statements="3" coveredstatements="3" conditionals="0" coveredconditionals="0" methods="0" coveredmethods="0"/>
      <file name="Mock.tsx" path="C:/Users/Marionogame/Desktop/Test/test-ree-web/src/Features/Ree/Test/Mock/Mock.tsx">
        <metrics statements="3" coveredstatements="3" conditionals="0" coveredconditionals="0" methods="0" coveredmethods="0"/>
        <line num="5" count="3" type="stmt"/>
        <line num="9" count="3" type="stmt"/>
        <line num="227" count="3" type="stmt"/>
      </file>
    </package>
    <package name="Utils">
      <metrics statements="1" coveredstatements="1" conditionals="0" coveredconditionals="0" methods="0" coveredmethods="0"/>
      <file name="staticData.ts" path="C:/Users/Marionogame/Desktop/Test/test-ree-web/src/Utils/staticData.ts">
        <metrics statements="1" coveredstatements="1" conditionals="0" coveredconditionals="0" methods="0" coveredmethods="0"/>
        <line num="1" count="3" type="stmt"/>
      </file>
    </package>
  </project>
</coverage>
