{"C:/Users/Marionogame/Desktop/Test/test-ree-web/src/Features/Ree/index.tsx": {"path":"C:/Users/Marionogame/Desktop/Test/test-ree-web/src/Features/Ree/index.tsx","statementMap":{"0":{"start":{"line":29,"column":21},"end":{"line":30,"column":null}},"1":{"start":{"line":32,"column":32},"end":{"line":213,"column":null}},"2":{"start":{"line":33,"column":38},"end":{"line":33,"column":null}},"3":{"start":{"line":34,"column":34},"end":{"line":34,"column":null}},"4":{"start":{"line":35,"column":36},"end":{"line":35,"column":null}},"5":{"start":{"line":36,"column":42},"end":{"line":36,"column":null}},"6":{"start":{"line":38,"column":38},"end":{"line":38,"column":null}},"7":{"start":{"line":39,"column":32},"end":{"line":39,"column":null}},"8":{"start":{"line":41,"column":35},"end":{"line":41,"column":null}},"9":{"start":{"line":43,"column":2},"end":{"line":48,"column":null}},"10":{"start":{"line":44,"column":4},"end":{"line":47,"column":null}},"11":{"start":{"line":45,"column":6},"end":{"line":45,"column":null}},"12":{"start":{"line":46,"column":6},"end":{"line":46,"column":null}},"13":{"start":{"line":51,"column":2},"end":{"line":60,"column":null}},"14":{"start":{"line":52,"column":25},"end":{"line":54,"column":null}},"15":{"start":{"line":53,"column":6},"end":{"line":53,"column":null}},"16":{"start":{"line":55,"column":4},"end":{"line":55,"column":null}},"17":{"start":{"line":56,"column":4},"end":{"line":56,"column":null}},"18":{"start":{"line":57,"column":4},"end":{"line":59,"column":null}},"19":{"start":{"line":58,"column":6},"end":{"line":58,"column":null}},"20":{"start":{"line":63,"column":22},"end":{"line":73,"column":null}},"21":{"start":{"line":64,"column":36},"end":{"line":69,"column":null}},"22":{"start":{"line":65,"column":28},"end":{"line":67,"column":null}},"23":{"start":{"line":66,"column":8},"end":{"line":66,"column":null}},"24":{"start":{"line":68,"column":6},"end":{"line":68,"column":null}},"25":{"start":{"line":71,"column":4},"end":{"line":71,"column":null}},"26":{"start":{"line":72,"column":4},"end":{"line":72,"column":null}},"27":{"start":{"line":75,"column":23},"end":{"line":78,"column":null}},"28":{"start":{"line":76,"column":4},"end":{"line":76,"column":null}},"29":{"start":{"line":77,"column":4},"end":{"line":77,"column":null}},"30":{"start":{"line":81,"column":22},"end":{"line":105,"column":null}},"31":{"start":{"line":82,"column":26},"end":{"line":82,"column":null}},"32":{"start":{"line":83,"column":26},"end":{"line":83,"column":null}},"33":{"start":{"line":84,"column":26},"end":{"line":84,"column":null}},"34":{"start":{"line":85,"column":46},"end":{"line":85,"column":null}},"35":{"start":{"line":86,"column":4},"end":{"line":94,"column":null}},"36":{"start":{"line":87,"column":6},"end":{"line":93,"column":null}},"37":{"start":{"line":88,"column":8},"end":{"line":88,"column":null}},"38":{"start":{"line":89,"column":8},"end":{"line":89,"column":null}},"39":{"start":{"line":90,"column":8},"end":{"line":90,"column":null}},"40":{"start":{"line":92,"column":8},"end":{"line":92,"column":null}},"41":{"start":{"line":95,"column":4},"end":{"line":103,"column":null}},"42":{"start":{"line":96,"column":6},"end":{"line":96,"column":null}},"43":{"start":{"line":98,"column":6},"end":{"line":102,"column":null}},"44":{"start":{"line":104,"column":4},"end":{"line":104,"column":null}},"45":{"start":{"line":107,"column":2},"end":{"line":111,"column":null}},"46":{"start":{"line":108,"column":4},"end":{"line":111,"column":null}},"47":{"start":{"line":113,"column":2},"end":{"line":126,"column":null}},"48":{"start":{"line":114,"column":4},"end":{"line":126,"column":null}},"49":{"start":{"line":129,"column":2},"end":{"line":211,"column":null}}},"fnMap":{"0":{"name":"(anonymous_0)","decl":{"start":{"line":32,"column":32},"end":{"line":32,"column":38}},"loc":{"start":{"line":32,"column":38},"end":{"line":213,"column":null}}},"1":{"name":"(anonymous_1)","decl":{"start":{"line":43,"column":12},"end":{"line":43,"column":18}},"loc":{"start":{"line":43,"column":18},"end":{"line":48,"column":5}}},"2":{"name":"(anonymous_2)","decl":{"start":{"line":51,"column":12},"end":{"line":51,"column":18}},"loc":{"start":{"line":51,"column":18},"end":{"line":60,"column":5}}},"3":{"name":"(anonymous_3)","decl":{"start":{"line":52,"column":25},"end":{"line":52,"column":31}},"loc":{"start":{"line":52,"column":31},"end":{"line":54,"column":null}}},"4":{"name":"(anonymous_4)","decl":{"start":{"line":57,"column":11},"end":{"line":57,"column":17}},"loc":{"start":{"line":57,"column":17},"end":{"line":59,"column":null}}},"5":{"name":"(anonymous_5)","decl":{"start":{"line":63,"column":22},"end":{"line":63,"column":23}},"loc":{"start":{"line":63,"column":58},"end":{"line":73,"column":null}}},"6":{"name":"(anonymous_6)","decl":{"start":{"line":64,"column":53},"end":{"line":64,"column":54}},"loc":{"start":{"line":64,"column":63},"end":{"line":69,"column":5}}},"7":{"name":"(anonymous_7)","decl":{"start":{"line":65,"column":57},"end":{"line":65,"column":58}},"loc":{"start":{"line":65,"column":67},"end":{"line":67,"column":7}}},"8":{"name":"(anonymous_8)","decl":{"start":{"line":75,"column":23},"end":{"line":75,"column":24}},"loc":{"start":{"line":75,"column":45},"end":{"line":78,"column":null}}},"9":{"name":"(anonymous_9)","decl":{"start":{"line":81,"column":22},"end":{"line":81,"column":23}},"loc":{"start":{"line":81,"column":52},"end":{"line":105,"column":null}}}},"branchMap":{"0":{"loc":{"start":{"line":44,"column":4},"end":{"line":47,"column":null}},"type":"if","locations":[{"start":{"line":44,"column":4},"end":{"line":47,"column":null}},{"start":{},"end":{}}]},"1":{"loc":{"start":{"line":44,"column":8},"end":{"line":44,"column":40}},"type":"binary-expr","locations":[{"start":{"line":44,"column":8},"end":{"line":44,"column":16}},{"start":{"line":44,"column":16},"end":{"line":44,"column":40}}]},"2":{"loc":{"start":{"line":87,"column":6},"end":{"line":93,"column":null}},"type":"if","locations":[{"start":{"line":87,"column":6},"end":{"line":93,"column":null}},{"start":{"line":91,"column":13},"end":{"line":93,"column":null}}]},"3":{"loc":{"start":{"line":89,"column":27},"end":{"line":89,"column":66}},"type":"cond-expr","locations":[{"start":{"line":89,"column":51},"end":{"line":89,"column":56}},{"start":{"line":89,"column":56},"end":{"line":89,"column":66}}]},"4":{"loc":{"start":{"line":92,"column":87},"end":{"line":92,"column":127}},"type":"cond-expr","locations":[{"start":{"line":92,"column":111},"end":{"line":92,"column":116}},{"start":{"line":92,"column":116},"end":{"line":92,"column":127}}]},"5":{"loc":{"start":{"line":95,"column":4},"end":{"line":103,"column":null}},"type":"if","locations":[{"start":{"line":95,"column":4},"end":{"line":103,"column":null}},{"start":{"line":97,"column":11},"end":{"line":103,"column":null}}]},"6":{"loc":{"start":{"line":107,"column":2},"end":{"line":111,"column":null}},"type":"if","locations":[{"start":{"line":107,"column":2},"end":{"line":111,"column":null}},{"start":{},"end":{}}]},"7":{"loc":{"start":{"line":113,"column":2},"end":{"line":126,"column":null}},"type":"if","locations":[{"start":{"line":113,"column":2},"end":{"line":126,"column":null}},{"start":{},"end":{}}]},"8":{"loc":{"start":{"line":137,"column":13},"end":{"line":148,"column":null}},"type":"binary-expr","locations":[{"start":{"line":137,"column":13},"end":{"line":137,"column":null}},{"start":{"line":138,"column":14},"end":{"line":148,"column":null}}]},"9":{"loc":{"start":{"line":153,"column":15},"end":{"line":200,"column":null}},"type":"cond-expr","locations":[{"start":{"line":154,"column":16},"end":{"line":178,"column":null}},{"start":{"line":180,"column":16},"end":{"line":200,"column":null}}]},"10":{"loc":{"start":{"line":205,"column":9},"end":{"line":208,"column":null}},"type":"cond-expr","locations":[{"start":{"line":206,"column":10},"end":{"line":206,"column":null}},{"start":{"line":208,"column":10},"end":{"line":208,"column":null}}]}},"s":{"0":1,"1":1,"2":46,"3":46,"4":46,"5":46,"6":46,"7":46,"8":46,"9":46,"10":16,"11":7,"12":7,"13":46,"14":9,"15":25,"16":9,"17":9,"18":9,"19":1,"20":46,"21":8,"22":8,"23":16,"24":8,"25":8,"26":8,"27":46,"28":1,"29":1,"30":46,"31":9,"32":9,"33":9,"34":9,"35":9,"36":18,"37":14,"38":14,"39":14,"40":4,"41":9,"42":2,"43":7,"44":9,"45":46,"46":13,"47":33,"48":5,"49":28},"f":{"0":46,"1":16,"2":9,"3":25,"4":1,"5":8,"6":8,"7":16,"8":1,"9":9},"b":{"0":[7,9],"1":[16,7],"2":[14,4],"3":[6,8],"4":[2,2],"5":[2,7],"6":[13,33],"7":[5,28],"8":[28,19],"9":[14,14],"10":[14,14]}}
,"C:/Users/Marionogame/Desktop/Test/test-ree-web/src/Features/Ree/Components/ButtonListRee/index.tsx": {"path":"C:/Users/Marionogame/Desktop/Test/test-ree-web/src/Features/Ree/Components/ButtonListRee/index.tsx","statementMap":{"0":{"start":{"line":16,"column":52},"end":{"line":40,"column":null}},"1":{"start":{"line":17,"column":21},"end":{"line":38,"column":null}},"2":{"start":{"line":18,"column":25},"end":{"line":31,"column":null}},"3":{"start":{"line":19,"column":6},"end":{"line":29,"column":null}},"4":{"start":{"line":22,"column":25},"end":{"line":22,"column":null}},"5":{"start":{"line":33,"column":4},"end":{"line":36,"column":null}},"6":{"start":{"line":39,"column":2},"end":{"line":39,"column":null}}},"fnMap":{"0":{"name":"(anonymous_0)","decl":{"start":{"line":16,"column":52},"end":{"line":16,"column":53}},"loc":{"start":{"line":16,"column":91},"end":{"line":40,"column":null}}},"1":{"name":"(anonymous_1)","decl":{"start":{"line":17,"column":21},"end":{"line":17,"column":22}},"loc":{"start":{"line":17,"column":47},"end":{"line":38,"column":null}}},"2":{"name":"(anonymous_2)","decl":{"start":{"line":18,"column":35},"end":{"line":18,"column":36}},"loc":{"start":{"line":18,"column":45},"end":{"line":31,"column":5}}},"3":{"name":"(anonymous_3)","decl":{"start":{"line":22,"column":19},"end":{"line":22,"column":25}},"loc":{"start":{"line":22,"column":25},"end":{"line":22,"column":null}}}},"branchMap":{"0":{"loc":{"start":{"line":21,"column":21},"end":{"line":21,"column":null}},"type":"cond-expr","locations":[{"start":{"line":21,"column":63},"end":{"line":21,"column":88}},{"start":{"line":21,"column":88},"end":{"line":21,"column":null}}]}},"s":{"0":2,"1":20,"2":20,"3":20,"4":2,"5":20,"6":20},"f":{"0":20,"1":20,"2":20,"3":2},"b":{"0":[19,1]}}
,"C:/Users/Marionogame/Desktop/Test/test-ree-web/src/Features/Ree/Components/ListCardRee/index.tsx": {"path":"C:/Users/Marionogame/Desktop/Test/test-ree-web/src/Features/Ree/Components/ListCardRee/index.tsx","statementMap":{"0":{"start":{"line":20,"column":48},"end":{"line":54,"column":null}},"1":{"start":{"line":21,"column":21},"end":{"line":52,"column":null}},"2":{"start":{"line":22,"column":4},"end":{"line":43,"column":null}},"3":{"start":{"line":23,"column":27},"end":{"line":40,"column":null}},"4":{"start":{"line":24,"column":8},"end":{"line":38,"column":null}},"5":{"start":{"line":33,"column":71},"end":{"line":33,"column":91}},"6":{"start":{"line":42,"column":6},"end":{"line":42,"column":null}},"7":{"start":{"line":44,"column":4},"end":{"line":50,"column":null}},"8":{"start":{"line":53,"column":2},"end":{"line":53,"column":null}}},"fnMap":{"0":{"name":"(anonymous_0)","decl":{"start":{"line":20,"column":48},"end":{"line":20,"column":49}},"loc":{"start":{"line":20,"column":88},"end":{"line":54,"column":null}}},"1":{"name":"(anonymous_1)","decl":{"start":{"line":21,"column":21},"end":{"line":21,"column":22}},"loc":{"start":{"line":21,"column":39},"end":{"line":52,"column":null}}},"2":{"name":"(anonymous_2)","decl":{"start":{"line":23,"column":37},"end":{"line":23,"column":38}},"loc":{"start":{"line":23,"column":54},"end":{"line":40,"column":7}}},"3":{"name":"(anonymous_3)","decl":{"start":{"line":33,"column":65},"end":{"line":33,"column":71}},"loc":{"start":{"line":33,"column":71},"end":{"line":33,"column":91}}}},"branchMap":{"0":{"loc":{"start":{"line":22,"column":4},"end":{"line":43,"column":null}},"type":"if","locations":[{"start":{"line":22,"column":4},"end":{"line":43,"column":null}},{"start":{},"end":{}}]},"1":{"loc":{"start":{"line":25,"column":52},"end":{"line":25,"column":null}},"type":"cond-expr","locations":[{"start":{"line":25,"column":108},"end":{"line":25,"column":128}},{"start":{"line":25,"column":128},"end":{"line":25,"column":null}}]}},"s":{"0":2,"1":16,"2":16,"3":15,"4":90,"5":1,"6":15,"7":1,"8":16},"f":{"0":16,"1":16,"2":90,"3":1},"b":{"0":[15,1],"1":[11,79]}}
,"C:/Users/Marionogame/Desktop/Test/test-ree-web/src/Features/Ree/Components/TableRee/index.tsx": {"path":"C:/Users/Marionogame/Desktop/Test/test-ree-web/src/Features/Ree/Components/TableRee/index.tsx","statementMap":{"0":{"start":{"line":36,"column":42},"end":{"line":197,"column":null}},"1":{"start":{"line":37,"column":23},"end":{"line":37,"column":null}},"2":{"start":{"line":38,"column":38},"end":{"line":38,"column":null}},"3":{"start":{"line":39,"column":36},"end":{"line":39,"column":null}},"4":{"start":{"line":40,"column":32},"end":{"line":40,"column":null}},"5":{"start":{"line":41,"column":38},"end":{"line":41,"column":null}},"6":{"start":{"line":43,"column":2},"end":{"line":47,"column":null}},"7":{"start":{"line":44,"column":4},"end":{"line":46,"column":null}},"8":{"start":{"line":45,"column":6},"end":{"line":45,"column":null}},"9":{"start":{"line":49,"column":21},"end":{"line":49,"column":null}},"10":{"start":{"line":51,"column":27},"end":{"line":54,"column":null}},"11":{"start":{"line":52,"column":20},"end":{"line":52,"column":null}},"12":{"start":{"line":53,"column":4},"end":{"line":53,"column":null}},"13":{"start":{"line":56,"column":8},"end":{"line":56,"column":null}},"14":{"start":{"line":57,"column":24},"end":{"line":57,"column":null}},"15":{"start":{"line":59,"column":21},"end":{"line":89,"column":null}},"16":{"start":{"line":60,"column":4},"end":{"line":78,"column":null}},"17":{"start":{"line":61,"column":6},"end":{"line":77,"column":null}},"18":{"start":{"line":62,"column":8},"end":{"line":76,"column":null}},"19":{"start":{"line":64,"column":31},"end":{"line":64,"column":null}},"20":{"start":{"line":68,"column":63},"end":{"line":68,"column":83}},"21":{"start":{"line":79,"column":4},"end":{"line":87,"column":null}},"22":{"start":{"line":91,"column":27},"end":{"line":117,"column":null}},"23":{"start":{"line":92,"column":4},"end":{"line":117,"column":null}},"24":{"start":{"line":93,"column":75},"end":{"line":93,"column":124}},"25":{"start":{"line":98,"column":8},"end":{"line":106,"column":null}},"26":{"start":{"line":113,"column":23},"end":{"line":113,"column":null}},"27":{"start":{"line":121,"column":28},"end":{"line":147,"column":null}},"28":{"start":{"line":122,"column":23},"end":{"line":122,"column":null}},"29":{"start":{"line":123,"column":21},"end":{"line":123,"column":null}},"30":{"start":{"line":124,"column":4},"end":{"line":124,"column":null}},"31":{"start":{"line":125,"column":4},"end":{"line":127,"column":null}},"32":{"start":{"line":126,"column":6},"end":{"line":126,"column":null}},"33":{"start":{"line":128,"column":4},"end":{"line":131,"column":null}},"34":{"start":{"line":129,"column":6},"end":{"line":129,"column":null}},"35":{"start":{"line":130,"column":6},"end":{"line":130,"column":null}},"36":{"start":{"line":133,"column":25},"end":{"line":144,"column":null}},"37":{"start":{"line":134,"column":23},"end":{"line":134,"column":null}},"38":{"start":{"line":136,"column":6},"end":{"line":138,"column":null}},"39":{"start":{"line":137,"column":8},"end":{"line":137,"column":null}},"40":{"start":{"line":139,"column":6},"end":{"line":141,"column":null}},"41":{"start":{"line":140,"column":8},"end":{"line":140,"column":null}},"42":{"start":{"line":143,"column":6},"end":{"line":143,"column":null}},"43":{"start":{"line":146,"column":4},"end":{"line":146,"column":null}},"44":{"start":{"line":149,"column":2},"end":{"line":195,"column":null}},"45":{"start":{"line":160,"column":18},"end":{"line":160,"column":null}},"46":{"start":{"line":168,"column":18},"end":{"line":168,"column":null}},"47":{"start":{"line":173,"column":91},"end":{"line":173,"column":112}}},"fnMap":{"0":{"name":"(anonymous_0)","decl":{"start":{"line":36,"column":42},"end":{"line":36,"column":43}},"loc":{"start":{"line":36,"column":82},"end":{"line":197,"column":null}}},"1":{"name":"(anonymous_1)","decl":{"start":{"line":43,"column":12},"end":{"line":43,"column":18}},"loc":{"start":{"line":43,"column":18},"end":{"line":47,"column":5}}},"2":{"name":"(anonymous_2)","decl":{"start":{"line":51,"column":27},"end":{"line":51,"column":28}},"loc":{"start":{"line":51,"column":86},"end":{"line":54,"column":null}}},"3":{"name":"(anonymous_3)","decl":{"start":{"line":59,"column":21},"end":{"line":59,"column":27}},"loc":{"start":{"line":59,"column":27},"end":{"line":89,"column":null}}},"4":{"name":"(anonymous_4)","decl":{"start":{"line":61,"column":31},"end":{"line":61,"column":32}},"loc":{"start":{"line":62,"column":8},"end":{"line":76,"column":null}}},"5":{"name":"(anonymous_5)","decl":{"start":{"line":64,"column":25},"end":{"line":64,"column":31}},"loc":{"start":{"line":64,"column":31},"end":{"line":64,"column":null}}},"6":{"name":"(anonymous_6)","decl":{"start":{"line":68,"column":57},"end":{"line":68,"column":63}},"loc":{"start":{"line":68,"column":63},"end":{"line":68,"column":83}}},"7":{"name":"(anonymous_7)","decl":{"start":{"line":91,"column":27},"end":{"line":91,"column":null}},"loc":{"start":{"line":92,"column":4},"end":{"line":117,"column":null}}},"8":{"name":"(anonymous_8)","decl":{"start":{"line":93,"column":69},"end":{"line":93,"column":75}},"loc":{"start":{"line":93,"column":75},"end":{"line":93,"column":124}}},"9":{"name":"(anonymous_9)","decl":{"start":{"line":97,"column":42},"end":{"line":97,"column":43}},"loc":{"start":{"line":98,"column":8},"end":{"line":106,"column":null}}},"10":{"name":"(anonymous_10)","decl":{"start":{"line":113,"column":17},"end":{"line":113,"column":23}},"loc":{"start":{"line":113,"column":23},"end":{"line":113,"column":null}}},"11":{"name":"(anonymous_11)","decl":{"start":{"line":121,"column":28},"end":{"line":121,"column":34}},"loc":{"start":{"line":121,"column":34},"end":{"line":147,"column":null}}},"12":{"name":"(anonymous_12)","decl":{"start":{"line":133,"column":37},"end":{"line":133,"column":38}},"loc":{"start":{"line":133,"column":47},"end":{"line":144,"column":5}}},"13":{"name":"(anonymous_13)","decl":{"start":{"line":159,"column":26},"end":{"line":159,"column":27}},"loc":{"start":{"line":159,"column":45},"end":{"line":161,"column":null}}},"14":{"name":"(anonymous_14)","decl":{"start":{"line":167,"column":26},"end":{"line":167,"column":27}},"loc":{"start":{"line":167,"column":45},"end":{"line":169,"column":null}}},"15":{"name":"(anonymous_15)","decl":{"start":{"line":173,"column":85},"end":{"line":173,"column":91}},"loc":{"start":{"line":173,"column":91},"end":{"line":173,"column":112}}}},"branchMap":{"0":{"loc":{"start":{"line":44,"column":4},"end":{"line":46,"column":null}},"type":"if","locations":[{"start":{"line":44,"column":4},"end":{"line":46,"column":null}},{"start":{},"end":{}}]},"1":{"loc":{"start":{"line":57,"column":24},"end":{"line":57,"column":null}},"type":"binary-expr","locations":[{"start":{"line":57,"column":24},"end":{"line":57,"column":53}},{"start":{"line":57,"column":53},"end":{"line":57,"column":null}}]},"2":{"loc":{"start":{"line":60,"column":4},"end":{"line":78,"column":null}},"type":"if","locations":[{"start":{"line":60,"column":4},"end":{"line":78,"column":null}},{"start":{},"end":{}}]},"3":{"loc":{"start":{"line":60,"column":8},"end":{"line":60,"column":59}},"type":"binary-expr","locations":[{"start":{"line":60,"column":8},"end":{"line":60,"column":35}},{"start":{"line":60,"column":35},"end":{"line":60,"column":59}}]},"4":{"loc":{"start":{"line":65,"column":21},"end":{"line":65,"column":null}},"type":"cond-expr","locations":[{"start":{"line":65,"column":77},"end":{"line":65,"column":95}},{"start":{"line":65,"column":95},"end":{"line":65,"column":null}}]},"5":{"loc":{"start":{"line":93,"column":75},"end":{"line":93,"column":124}},"type":"binary-expr","locations":[{"start":{"line":93,"column":75},"end":{"line":93,"column":93}},{"start":{"line":93,"column":93},"end":{"line":93,"column":124}}]},"6":{"loc":{"start":{"line":113,"column":23},"end":{"line":113,"column":null}},"type":"binary-expr","locations":[{"start":{"line":113,"column":23},"end":{"line":113,"column":50}},{"start":{"line":113,"column":50},"end":{"line":113,"column":null}}]},"7":{"loc":{"start":{"line":125,"column":4},"end":{"line":127,"column":null}},"type":"if","locations":[{"start":{"line":125,"column":4},"end":{"line":127,"column":null}},{"start":{},"end":{}}]},"8":{"loc":{"start":{"line":125,"column":8},"end":{"line":125,"column":41}},"type":"binary-expr","locations":[{"start":{"line":125,"column":8},"end":{"line":125,"column":25}},{"start":{"line":125,"column":25},"end":{"line":125,"column":41}}]},"9":{"loc":{"start":{"line":128,"column":4},"end":{"line":131,"column":null}},"type":"if","locations":[{"start":{"line":128,"column":4},"end":{"line":131,"column":null}},{"start":{},"end":{}}]},"10":{"loc":{"start":{"line":128,"column":8},"end":{"line":128,"column":48}},"type":"binary-expr","locations":[{"start":{"line":128,"column":8},"end":{"line":128,"column":30}},{"start":{"line":128,"column":30},"end":{"line":128,"column":48}}]},"11":{"loc":{"start":{"line":136,"column":6},"end":{"line":138,"column":null}},"type":"if","locations":[{"start":{"line":136,"column":6},"end":{"line":138,"column":null}},{"start":{},"end":{}}]},"12":{"loc":{"start":{"line":136,"column":10},"end":{"line":136,"column":68}},"type":"binary-expr","locations":[{"start":{"line":136,"column":10},"end":{"line":136,"column":33}},{"start":{"line":136,"column":33},"end":{"line":136,"column":68}}]},"13":{"loc":{"start":{"line":139,"column":6},"end":{"line":141,"column":null}},"type":"if","locations":[{"start":{"line":139,"column":6},"end":{"line":141,"column":null}},{"start":{},"end":{}}]},"14":{"loc":{"start":{"line":139,"column":10},"end":{"line":139,"column":64}},"type":"binary-expr","locations":[{"start":{"line":139,"column":10},"end":{"line":139,"column":31}},{"start":{"line":139,"column":31},"end":{"line":139,"column":64}}]}},"s":{"0":2,"1":51,"2":51,"3":51,"4":51,"5":51,"6":51,"7":21,"8":18,"9":51,"10":51,"11":1,"12":1,"13":51,"14":51,"15":51,"16":51,"17":28,"18":132,"19":1,"20":2,"21":23,"22":51,"23":51,"24":1,"25":56,"26":1,"27":51,"28":7,"29":7,"30":7,"31":7,"32":2,"33":5,"34":2,"35":2,"36":3,"37":18,"38":18,"39":6,"40":12,"41":6,"42":6,"43":3,"44":51,"45":3,"46":2,"47":7},"f":{"0":51,"1":21,"2":1,"3":51,"4":132,"5":1,"6":2,"7":51,"8":1,"9":56,"10":1,"11":7,"12":18,"13":3,"14":2,"15":7},"b":{"0":[18,3],"1":[51,51],"2":[28,23],"3":[51,28],"4":[16,116],"5":[1,1],"6":[1,1],"7":[2,5],"8":[7,5],"9":[2,3],"10":[5,2],"11":[6,12],"12":[18,18],"13":[6,6],"14":[12,6]}}
,"C:/Users/Marionogame/Desktop/Test/test-ree-web/src/Features/Ree/Test/Mock/Mock.tsx": {"path":"C:/Users/Marionogame/Desktop/Test/test-ree-web/src/Features/Ree/Test/Mock/Mock.tsx","statementMap":{"0":{"start":{"line":5,"column":23},"end":{"line":6,"column":null}},"1":{"start":{"line":9,"column":43},"end":{"line":225,"column":null}},"2":{"start":{"line":227,"column":25},"end":{"line":234,"column":null}}},"fnMap":{},"branchMap":{},"s":{"0":3,"1":3,"2":3},"f":{},"b":{}}
,"C:/Users/Marionogame/Desktop/Test/test-ree-web/src/Utils/staticData.ts": {"path":"C:/Users/Marionogame/Desktop/Test/test-ree-web/src/Utils/staticData.ts","statementMap":{"0":{"start":{"line":1,"column":22},"end":{"line":1,"column":null}}},"fnMap":{},"branchMap":{},"s":{"0":3},"f":{},"b":{}}
}
