{
  "C:/Users/Marionogame/Desktop/reeweb/src/App.tsx": {
    "path": "C:/Users/Marionogame/Desktop/reeweb/src/App.tsx",
    "statementMap": { "0": { "start": { "line": 8, "column": 2 }, "end": { "line": 11, "column": null } } },
    "fnMap": {
      "0": {
        "name": "App",
        "decl": { "start": { "line": 7, "column": 9 }, "end": { "line": 7, "column": 15 } },
        "loc": { "start": { "line": 7, "column": 15 }, "end": { "line": 13, "column": null } }
      }
    },
    "branchMap": {},
    "s": { "0": 0 },
    "f": { "0": 0 },
    "b": {}
  },
  "C:/Users/Marionogame/Desktop/reeweb/src/main.tsx": {
    "path": "C:/Users/Marionogame/Desktop/reeweb/src/main.tsx",
    "statementMap": {
      "0": { "start": { "line": 6, "column": 15 }, "end": { "line": 9, "column": null } },
      "1": { "start": { "line": 10, "column": 0 }, "end": { "line": 16, "column": null } }
    },
    "fnMap": {},
    "branchMap": {},
    "s": { "0": 0, "1": 0 },
    "f": {},
    "b": {}
  },
  "C:/Users/Marionogame/Desktop/reeweb/src/Components/Input/index.tsx": {
    "path": "C:/Users/Marionogame/Desktop/reeweb/src/Components/Input/index.tsx",
    "statementMap": {
      "0": { "start": { "line": 33, "column": 14 }, "end": { "line": 215, "column": null } },
      "1": { "start": { "line": 52, "column": 6 }, "end": { "line": 52, "column": null } },
      "2": { "start": { "line": 54, "column": 16 }, "end": { "line": 54, "column": null } },
      "3": { "start": { "line": 55, "column": 23 }, "end": { "line": 55, "column": null } },
      "4": { "start": { "line": 56, "column": 36 }, "end": { "line": 56, "column": null } },
      "5": { "start": { "line": 57, "column": 36 }, "end": { "line": 57, "column": null } },
      "6": { "start": { "line": 58, "column": 42 }, "end": { "line": 58, "column": null } },
      "7": { "start": { "line": 60, "column": 2 }, "end": { "line": 113, "column": null } },
      "8": { "start": { "line": 61, "column": 4 }, "end": { "line": 104, "column": null } },
      "9": { "start": { "line": 62, "column": 27 }, "end": { "line": 62, "column": null } },
      "10": { "start": { "line": 63, "column": 6 }, "end": { "line": 63, "column": null } },
      "11": { "start": { "line": 63, "column": 25 }, "end": { "line": 63, "column": null } },
      "12": { "start": { "line": 65, "column": 6 }, "end": { "line": 85, "column": null } },
      "13": { "start": { "line": 66, "column": 8 }, "end": { "line": 66, "column": null } },
      "14": { "start": { "line": 67, "column": 8 }, "end": { "line": 67, "column": null } },
      "15": { "start": { "line": 68, "column": 8 }, "end": { "line": 68, "column": null } },
      "16": { "start": { "line": 69, "column": 8 }, "end": { "line": 69, "column": null } },
      "17": { "start": { "line": 70, "column": 8 }, "end": { "line": 70, "column": null } },
      "18": { "start": { "line": 71, "column": 8 }, "end": { "line": 77, "column": null } },
      "19": { "start": { "line": 72, "column": 10 }, "end": { "line": 72, "column": null } },
      "20": { "start": { "line": 73, "column": 10 }, "end": { "line": 73, "column": null } },
      "21": { "start": { "line": 75, "column": 10 }, "end": { "line": 75, "column": null } },
      "22": { "start": { "line": 76, "column": 10 }, "end": { "line": 76, "column": null } },
      "23": { "start": { "line": 79, "column": 8 }, "end": { "line": 79, "column": null } },
      "24": { "start": { "line": 80, "column": 8 }, "end": { "line": 80, "column": null } },
      "25": { "start": { "line": 81, "column": 8 }, "end": { "line": 81, "column": null } },
      "26": { "start": { "line": 82, "column": 8 }, "end": { "line": 82, "column": null } },
      "27": { "start": { "line": 83, "column": 8 }, "end": { "line": 83, "column": null } },
      "28": { "start": { "line": 84, "column": 8 }, "end": { "line": 84, "column": null } },
      "29": { "start": { "line": 87, "column": 27 }, "end": { "line": 87, "column": null } },
      "30": { "start": { "line": 88, "column": 6 }, "end": { "line": 88, "column": null } },
      "31": { "start": { "line": 88, "column": 25 }, "end": { "line": 88, "column": null } },
      "32": { "start": { "line": 90, "column": 6 }, "end": { "line": 103, "column": null } },
      "33": { "start": { "line": 91, "column": 8 }, "end": { "line": 91, "column": null } },
      "34": { "start": { "line": 92, "column": 8 }, "end": { "line": 98, "column": null } },
      "35": { "start": { "line": 93, "column": 10 }, "end": { "line": 93, "column": null } },
      "36": { "start": { "line": 95, "column": 10 }, "end": { "line": 95, "column": null } },
      "37": { "start": { "line": 96, "column": 10 }, "end": { "line": 96, "column": null } },
      "38": { "start": { "line": 97, "column": 10 }, "end": { "line": 97, "column": null } },
      "39": { "start": { "line": 100, "column": 8 }, "end": { "line": 100, "column": null } },
      "40": { "start": { "line": 101, "column": 8 }, "end": { "line": 101, "column": null } },
      "41": { "start": { "line": 102, "column": 8 }, "end": { "line": 102, "column": null } },
      "42": { "start": { "line": 105, "column": 4 }, "end": { "line": 112, "column": null } },
      "43": { "start": { "line": 106, "column": 27 }, "end": { "line": 106, "column": null } },
      "44": { "start": { "line": 107, "column": 6 }, "end": { "line": 107, "column": null } },
      "45": { "start": { "line": 107, "column": 25 }, "end": { "line": 107, "column": null } },
      "46": { "start": { "line": 109, "column": 6 }, "end": { "line": 109, "column": null } },
      "47": { "start": { "line": 110, "column": 6 }, "end": { "line": 110, "column": null } },
      "48": { "start": { "line": 111, "column": 6 }, "end": { "line": 111, "column": null } },
      "49": { "start": { "line": 115, "column": 20 }, "end": { "line": 118, "column": null } },
      "50": { "start": { "line": 116, "column": 17 }, "end": { "line": 116, "column": null } },
      "51": { "start": { "line": 117, "column": 4 }, "end": { "line": 117, "column": null } },
      "52": { "start": { "line": 120, "column": 22 }, "end": { "line": 131, "column": null } },
      "53": { "start": { "line": 121, "column": 20 }, "end": { "line": 121, "column": null } },
      "54": { "start": { "line": 122, "column": 4 }, "end": { "line": 126, "column": null } },
      "55": { "start": { "line": 123, "column": 6 }, "end": { "line": 123, "column": null } },
      "56": { "start": { "line": 124, "column": 6 }, "end": { "line": 124, "column": null } },
      "57": { "start": { "line": 125, "column": 6 }, "end": { "line": 125, "column": null } },
      "58": { "start": { "line": 127, "column": 4 }, "end": { "line": 130, "column": null } },
      "59": { "start": { "line": 128, "column": 6 }, "end": { "line": 128, "column": null } },
      "60": { "start": { "line": 129, "column": 6 }, "end": { "line": 129, "column": null } },
      "61": { "start": { "line": 133, "column": 23 }, "end": { "line": 137, "column": null } },
      "62": { "start": { "line": 134, "column": 19 }, "end": { "line": 134, "column": null } },
      "63": { "start": { "line": 135, "column": 4 }, "end": { "line": 135, "column": null } },
      "64": { "start": { "line": 136, "column": 4 }, "end": { "line": 136, "column": null } },
      "65": { "start": { "line": 139, "column": 21 }, "end": { "line": 145, "column": null } },
      "66": { "start": { "line": 140, "column": 17 }, "end": { "line": 140, "column": null } },
      "67": { "start": { "line": 141, "column": 4 }, "end": { "line": 141, "column": null } },
      "68": { "start": { "line": 142, "column": 4 }, "end": { "line": 144, "column": null } },
      "69": { "start": { "line": 143, "column": 6 }, "end": { "line": 143, "column": null } },
      "70": { "start": { "line": 147, "column": 18 }, "end": { "line": 149, "column": null } },
      "71": { "start": { "line": 148, "column": 4 }, "end": { "line": 148, "column": null } },
      "72": { "start": { "line": 151, "column": 24 }, "end": { "line": 157, "column": null } },
      "73": { "start": { "line": 152, "column": 4 }, "end": { "line": 152, "column": null } },
      "74": { "start": { "line": 153, "column": 4 }, "end": { "line": 153, "column": null } },
      "75": { "start": { "line": 154, "column": 4 }, "end": { "line": 156, "column": null } },
      "76": { "start": { "line": 155, "column": 6 }, "end": { "line": 155, "column": null } },
      "77": { "start": { "line": 159, "column": 25 }, "end": { "line": 167, "column": null } },
      "78": { "start": { "line": 160, "column": 4 }, "end": { "line": 162, "column": null } },
      "79": { "start": { "line": 161, "column": 6 }, "end": { "line": 161, "column": null } },
      "80": { "start": { "line": 163, "column": 4 }, "end": { "line": 165, "column": null } },
      "81": { "start": { "line": 164, "column": 6 }, "end": { "line": 164, "column": null } },
      "82": { "start": { "line": 166, "column": 4 }, "end": { "line": 166, "column": null } },
      "83": { "start": { "line": 169, "column": 21 }, "end": { "line": 184, "column": null } },
      "84": { "start": { "line": 186, "column": 2 }, "end": { "line": 213, "column": null } }
    },
    "fnMap": {
      "0": {
        "name": "(anonymous_0)",
        "decl": { "start": { "line": 33, "column": 55 }, "end": { "line": 33, "column": 56 } },
        "loc": { "start": { "line": 33, "column": 71 }, "end": { "line": 215, "column": 1 } }
      },
      "1": {
        "name": "(anonymous_1)",
        "decl": { "start": { "line": 60, "column": 12 }, "end": { "line": 60, "column": 18 } },
        "loc": { "start": { "line": 60, "column": 18 }, "end": { "line": 113, "column": 5 } }
      },
      "2": {
        "name": "(anonymous_2)",
        "decl": { "start": { "line": 115, "column": 20 }, "end": { "line": 115, "column": 21 } },
        "loc": { "start": { "line": 115, "column": 64 }, "end": { "line": 118, "column": null } }
      },
      "3": {
        "name": "(anonymous_3)",
        "decl": { "start": { "line": 120, "column": 22 }, "end": { "line": 120, "column": 23 } },
        "loc": { "start": { "line": 120, "column": 68 }, "end": { "line": 131, "column": null } }
      },
      "4": {
        "name": "(anonymous_4)",
        "decl": { "start": { "line": 133, "column": 23 }, "end": { "line": 133, "column": 29 } },
        "loc": { "start": { "line": 133, "column": 29 }, "end": { "line": 137, "column": null } }
      },
      "5": {
        "name": "(anonymous_5)",
        "decl": { "start": { "line": 139, "column": 21 }, "end": { "line": 139, "column": 22 } },
        "loc": { "start": { "line": 139, "column": 65 }, "end": { "line": 145, "column": null } }
      },
      "6": {
        "name": "(anonymous_6)",
        "decl": { "start": { "line": 147, "column": 18 }, "end": { "line": 147, "column": 24 } },
        "loc": { "start": { "line": 147, "column": 24 }, "end": { "line": 149, "column": null } }
      },
      "7": {
        "name": "(anonymous_7)",
        "decl": { "start": { "line": 151, "column": 24 }, "end": { "line": 151, "column": 25 } },
        "loc": { "start": { "line": 151, "column": 67 }, "end": { "line": 157, "column": null } }
      },
      "8": {
        "name": "(anonymous_8)",
        "decl": { "start": { "line": 159, "column": 25 }, "end": { "line": 159, "column": 31 } },
        "loc": { "start": { "line": 159, "column": 31 }, "end": { "line": 167, "column": null } }
      }
    },
    "branchMap": {
      "0": {
        "loc": { "start": { "line": 35, "column": 4 }, "end": { "line": 35, "column": null } },
        "type": "default-arg",
        "locations": [{ "start": { "line": 35, "column": 17 }, "end": { "line": 35, "column": null } }]
      },
      "1": {
        "loc": { "start": { "line": 48, "column": 4 }, "end": { "line": 48, "column": null } },
        "type": "default-arg",
        "locations": [{ "start": { "line": 48, "column": 15 }, "end": { "line": 48, "column": null } }]
      },
      "2": {
        "loc": { "start": { "line": 49, "column": 4 }, "end": { "line": 49, "column": null } },
        "type": "default-arg",
        "locations": [{ "start": { "line": 49, "column": 12 }, "end": { "line": 49, "column": null } }]
      },
      "3": {
        "loc": { "start": { "line": 50, "column": 4 }, "end": { "line": 50, "column": null } },
        "type": "default-arg",
        "locations": [{ "start": { "line": 50, "column": 11 }, "end": { "line": 50, "column": null } }]
      },
      "4": {
        "loc": { "start": { "line": 55, "column": 23 }, "end": { "line": 55, "column": null } },
        "type": "binary-expr",
        "locations": [
          { "start": { "line": 55, "column": 23 }, "end": { "line": 55, "column": 68 } },
          { "start": { "line": 55, "column": 68 }, "end": { "line": 55, "column": null } }
        ]
      },
      "5": {
        "loc": { "start": { "line": 57, "column": 45 }, "end": { "line": 57, "column": 77 } },
        "type": "cond-expr",
        "locations": [
          { "start": { "line": 57, "column": 58 }, "end": { "line": 57, "column": 71 } },
          { "start": { "line": 57, "column": 71 }, "end": { "line": 57, "column": 77 } }
        ]
      },
      "6": {
        "loc": { "start": { "line": 61, "column": 4 }, "end": { "line": 104, "column": null } },
        "type": "if",
        "locations": [
          { "start": { "line": 61, "column": 4 }, "end": { "line": 104, "column": null } },
          { "start": { "line": 86, "column": 11 }, "end": { "line": 104, "column": null } }
        ]
      },
      "7": {
        "loc": { "start": { "line": 63, "column": 6 }, "end": { "line": 63, "column": null } },
        "type": "if",
        "locations": [
          { "start": { "line": 63, "column": 6 }, "end": { "line": 63, "column": null } },
          { "start": {}, "end": {} }
        ]
      },
      "8": {
        "loc": { "start": { "line": 65, "column": 6 }, "end": { "line": 85, "column": null } },
        "type": "if",
        "locations": [
          { "start": { "line": 65, "column": 6 }, "end": { "line": 85, "column": null } },
          { "start": { "line": 78, "column": 13 }, "end": { "line": 85, "column": null } }
        ]
      },
      "9": {
        "loc": { "start": { "line": 65, "column": 10 }, "end": { "line": 65, "column": 38 } },
        "type": "binary-expr",
        "locations": [
          { "start": { "line": 65, "column": 10 }, "end": { "line": 65, "column": 28 } },
          { "start": { "line": 65, "column": 28 }, "end": { "line": 65, "column": 38 } }
        ]
      },
      "10": {
        "loc": { "start": { "line": 71, "column": 8 }, "end": { "line": 77, "column": null } },
        "type": "if",
        "locations": [
          { "start": { "line": 71, "column": 8 }, "end": { "line": 77, "column": null } },
          { "start": { "line": 74, "column": 15 }, "end": { "line": 77, "column": null } }
        ]
      },
      "11": {
        "loc": { "start": { "line": 73, "column": 70 }, "end": { "line": 73, "column": 124 } },
        "type": "cond-expr",
        "locations": [
          { "start": { "line": 73, "column": 82 }, "end": { "line": 73, "column": 104 } },
          { "start": { "line": 73, "column": 104 }, "end": { "line": 73, "column": 124 } }
        ]
      },
      "12": {
        "loc": { "start": { "line": 88, "column": 6 }, "end": { "line": 88, "column": null } },
        "type": "if",
        "locations": [
          { "start": { "line": 88, "column": 6 }, "end": { "line": 88, "column": null } },
          { "start": {}, "end": {} }
        ]
      },
      "13": {
        "loc": { "start": { "line": 90, "column": 6 }, "end": { "line": 103, "column": null } },
        "type": "if",
        "locations": [
          { "start": { "line": 90, "column": 6 }, "end": { "line": 103, "column": null } },
          { "start": { "line": 99, "column": 13 }, "end": { "line": 103, "column": null } }
        ]
      },
      "14": {
        "loc": { "start": { "line": 90, "column": 10 }, "end": { "line": 90, "column": 38 } },
        "type": "binary-expr",
        "locations": [
          { "start": { "line": 90, "column": 10 }, "end": { "line": 90, "column": 28 } },
          { "start": { "line": 90, "column": 28 }, "end": { "line": 90, "column": 38 } }
        ]
      },
      "15": {
        "loc": { "start": { "line": 92, "column": 8 }, "end": { "line": 98, "column": null } },
        "type": "if",
        "locations": [
          { "start": { "line": 92, "column": 8 }, "end": { "line": 98, "column": null } },
          { "start": { "line": 94, "column": 15 }, "end": { "line": 98, "column": null } }
        ]
      },
      "16": {
        "loc": { "start": { "line": 93, "column": 70 }, "end": { "line": 93, "column": 124 } },
        "type": "cond-expr",
        "locations": [
          { "start": { "line": 93, "column": 82 }, "end": { "line": 93, "column": 104 } },
          { "start": { "line": 93, "column": 104 }, "end": { "line": 93, "column": 124 } }
        ]
      },
      "17": {
        "loc": { "start": { "line": 105, "column": 4 }, "end": { "line": 112, "column": null } },
        "type": "if",
        "locations": [
          { "start": { "line": 105, "column": 4 }, "end": { "line": 112, "column": null } },
          { "start": {}, "end": {} }
        ]
      },
      "18": {
        "loc": { "start": { "line": 107, "column": 6 }, "end": { "line": 107, "column": null } },
        "type": "if",
        "locations": [
          { "start": { "line": 107, "column": 6 }, "end": { "line": 107, "column": null } },
          { "start": {}, "end": {} }
        ]
      },
      "19": {
        "loc": { "start": { "line": 122, "column": 4 }, "end": { "line": 126, "column": null } },
        "type": "if",
        "locations": [
          { "start": { "line": 122, "column": 4 }, "end": { "line": 126, "column": null } },
          { "start": {}, "end": {} }
        ]
      },
      "20": {
        "loc": { "start": { "line": 127, "column": 4 }, "end": { "line": 130, "column": null } },
        "type": "if",
        "locations": [
          { "start": { "line": 127, "column": 4 }, "end": { "line": 130, "column": null } },
          { "start": {}, "end": {} }
        ]
      },
      "21": {
        "loc": { "start": { "line": 135, "column": 17 }, "end": { "line": 135, "column": 45 } },
        "type": "cond-expr",
        "locations": [
          { "start": { "line": 135, "column": 26 }, "end": { "line": 135, "column": 35 } },
          { "start": { "line": 135, "column": 35 }, "end": { "line": 135, "column": 45 } }
        ]
      },
      "22": {
        "loc": { "start": { "line": 136, "column": 20 }, "end": { "line": 136, "column": 48 } },
        "type": "cond-expr",
        "locations": [
          { "start": { "line": 136, "column": 29 }, "end": { "line": 136, "column": 37 } },
          { "start": { "line": 136, "column": 37 }, "end": { "line": 136, "column": 48 } }
        ]
      },
      "23": {
        "loc": { "start": { "line": 142, "column": 4 }, "end": { "line": 144, "column": null } },
        "type": "if",
        "locations": [
          { "start": { "line": 142, "column": 4 }, "end": { "line": 144, "column": null } },
          { "start": {}, "end": {} }
        ]
      },
      "24": {
        "loc": { "start": { "line": 154, "column": 4 }, "end": { "line": 156, "column": null } },
        "type": "if",
        "locations": [
          { "start": { "line": 154, "column": 4 }, "end": { "line": 156, "column": null } },
          { "start": {}, "end": {} }
        ]
      },
      "25": {
        "loc": { "start": { "line": 160, "column": 4 }, "end": { "line": 162, "column": null } },
        "type": "if",
        "locations": [
          { "start": { "line": 160, "column": 4 }, "end": { "line": 162, "column": null } },
          { "start": {}, "end": {} }
        ]
      },
      "26": {
        "loc": { "start": { "line": 161, "column": 13 }, "end": { "line": 161, "column": null } },
        "type": "cond-expr",
        "locations": [
          { "start": { "line": 161, "column": 25 }, "end": { "line": 161, "column": 51 } },
          { "start": { "line": 161, "column": 51 }, "end": { "line": 161, "column": null } }
        ]
      },
      "27": {
        "loc": { "start": { "line": 163, "column": 4 }, "end": { "line": 165, "column": null } },
        "type": "if",
        "locations": [
          { "start": { "line": 163, "column": 4 }, "end": { "line": 165, "column": null } },
          { "start": {}, "end": {} }
        ]
      },
      "28": {
        "loc": { "start": { "line": 164, "column": 13 }, "end": { "line": 164, "column": null } },
        "type": "cond-expr",
        "locations": [
          { "start": { "line": 164, "column": 25 }, "end": { "line": 164, "column": 62 } },
          { "start": { "line": 164, "column": 62 }, "end": { "line": 164, "column": null } }
        ]
      },
      "29": {
        "loc": { "start": { "line": 166, "column": 11 }, "end": { "line": 166, "column": null } },
        "type": "cond-expr",
        "locations": [
          { "start": { "line": 166, "column": 23 }, "end": { "line": 166, "column": 53 } },
          { "start": { "line": 166, "column": 53 }, "end": { "line": 166, "column": null } }
        ]
      },
      "30": {
        "loc": { "start": { "line": 195, "column": 19 }, "end": { "line": 195, "column": null } },
        "type": "cond-expr",
        "locations": [
          { "start": { "line": 195, "column": 42 }, "end": { "line": 195, "column": 50 } },
          { "start": { "line": 195, "column": 50 }, "end": { "line": 195, "column": null } }
        ]
      },
      "31": {
        "loc": { "start": { "line": 197, "column": 12 }, "end": { "line": 197, "column": null } },
        "type": "cond-expr",
        "locations": [
          { "start": { "line": 197, "column": 25 }, "end": { "line": 197, "column": 37 } },
          { "start": { "line": 197, "column": 37 }, "end": { "line": 197, "column": null } }
        ]
      },
      "32": {
        "loc": { "start": { "line": 198, "column": 11 }, "end": { "line": 198, "column": null } },
        "type": "cond-expr",
        "locations": [
          { "start": { "line": 198, "column": 31 }, "end": { "line": 198, "column": 58 } },
          { "start": { "line": 198, "column": 58 }, "end": { "line": 198, "column": null } }
        ]
      },
      "33": {
        "loc": { "start": { "line": 205, "column": 7 }, "end": { "line": 205, "column": null } },
        "type": "binary-expr",
        "locations": [
          { "start": { "line": 205, "column": 7 }, "end": { "line": 205, "column": 29 } },
          { "start": { "line": 205, "column": 29 }, "end": { "line": 205, "column": null } }
        ]
      },
      "34": {
        "loc": { "start": { "line": 208, "column": 7 }, "end": { "line": 208, "column": null } },
        "type": "binary-expr",
        "locations": [
          { "start": { "line": 208, "column": 7 }, "end": { "line": 208, "column": 26 } },
          { "start": { "line": 208, "column": 26 }, "end": { "line": 208, "column": 39 } },
          { "start": { "line": 208, "column": 39 }, "end": { "line": 208, "column": null } }
        ]
      },
      "35": {
        "loc": { "start": { "line": 210, "column": 7 }, "end": { "line": 211, "column": null } },
        "type": "binary-expr",
        "locations": [
          { "start": { "line": 210, "column": 7 }, "end": { "line": 210, "column": null } },
          { "start": { "line": 211, "column": 8 }, "end": { "line": 211, "column": null } }
        ]
      },
      "36": {
        "loc": { "start": { "line": 211, "column": 27 }, "end": { "line": 211, "column": 89 } },
        "type": "cond-expr",
        "locations": [
          { "start": { "line": 211, "column": 37 }, "end": { "line": 211, "column": 67 } },
          { "start": { "line": 211, "column": 67 }, "end": { "line": 211, "column": 89 } }
        ]
      }
    },
    "s": {
      "0": 0,
      "1": 0,
      "2": 0,
      "3": 0,
      "4": 0,
      "5": 0,
      "6": 0,
      "7": 0,
      "8": 0,
      "9": 0,
      "10": 0,
      "11": 0,
      "12": 0,
      "13": 0,
      "14": 0,
      "15": 0,
      "16": 0,
      "17": 0,
      "18": 0,
      "19": 0,
      "20": 0,
      "21": 0,
      "22": 0,
      "23": 0,
      "24": 0,
      "25": 0,
      "26": 0,
      "27": 0,
      "28": 0,
      "29": 0,
      "30": 0,
      "31": 0,
      "32": 0,
      "33": 0,
      "34": 0,
      "35": 0,
      "36": 0,
      "37": 0,
      "38": 0,
      "39": 0,
      "40": 0,
      "41": 0,
      "42": 0,
      "43": 0,
      "44": 0,
      "45": 0,
      "46": 0,
      "47": 0,
      "48": 0,
      "49": 0,
      "50": 0,
      "51": 0,
      "52": 0,
      "53": 0,
      "54": 0,
      "55": 0,
      "56": 0,
      "57": 0,
      "58": 0,
      "59": 0,
      "60": 0,
      "61": 0,
      "62": 0,
      "63": 0,
      "64": 0,
      "65": 0,
      "66": 0,
      "67": 0,
      "68": 0,
      "69": 0,
      "70": 0,
      "71": 0,
      "72": 0,
      "73": 0,
      "74": 0,
      "75": 0,
      "76": 0,
      "77": 0,
      "78": 0,
      "79": 0,
      "80": 0,
      "81": 0,
      "82": 0,
      "83": 0,
      "84": 0
    },
    "f": { "0": 0, "1": 0, "2": 0, "3": 0, "4": 0, "5": 0, "6": 0, "7": 0, "8": 0 },
    "b": {
      "0": [0],
      "1": [0],
      "2": [0],
      "3": [0],
      "4": [0, 0],
      "5": [0, 0],
      "6": [0, 0],
      "7": [0, 0],
      "8": [0, 0],
      "9": [0, 0],
      "10": [0, 0],
      "11": [0, 0],
      "12": [0, 0],
      "13": [0, 0],
      "14": [0, 0],
      "15": [0, 0],
      "16": [0, 0],
      "17": [0, 0],
      "18": [0, 0],
      "19": [0, 0],
      "20": [0, 0],
      "21": [0, 0],
      "22": [0, 0],
      "23": [0, 0],
      "24": [0, 0],
      "25": [0, 0],
      "26": [0, 0],
      "27": [0, 0],
      "28": [0, 0],
      "29": [0, 0],
      "30": [0, 0],
      "31": [0, 0],
      "32": [0, 0],
      "33": [0, 0],
      "34": [0, 0, 0],
      "35": [0, 0],
      "36": [0, 0]
    }
  },
  "C:/Users/Marionogame/Desktop/reeweb/src/Components/Text/index.tsx": {
    "path": "C:/Users/Marionogame/Desktop/reeweb/src/Components/Text/index.tsx",
    "statementMap": {
      "0": { "start": { "line": 18, "column": 34 }, "end": { "line": 44, "column": null } },
      "1": { "start": { "line": 19, "column": 22 }, "end": { "line": 37, "column": null } },
      "2": { "start": { "line": 20, "column": 4 }, "end": { "line": 35, "column": null } },
      "3": { "start": { "line": 21, "column": 6 }, "end": { "line": 33, "column": null } },
      "4": { "start": { "line": 22, "column": 8 }, "end": { "line": 32, "column": null } },
      "5": { "start": { "line": 24, "column": 28 }, "end": { "line": 24, "column": 41 } },
      "6": { "start": { "line": 26, "column": 12 }, "end": { "line": 31, "column": null } },
      "7": { "start": { "line": 29, "column": 16 }, "end": { "line": 29, "column": null } },
      "8": { "start": { "line": 34, "column": 6 }, "end": { "line": 34, "column": null } },
      "9": { "start": { "line": 36, "column": 4 }, "end": { "line": 36, "column": null } },
      "10": { "start": { "line": 39, "column": 2 }, "end": { "line": 42, "column": null } }
    },
    "fnMap": {
      "0": {
        "name": "(anonymous_0)",
        "decl": { "start": { "line": 18, "column": 34 }, "end": { "line": 18, "column": 35 } },
        "loc": { "start": { "line": 18, "column": 118 }, "end": { "line": 44, "column": null } }
      },
      "1": {
        "name": "(anonymous_1)",
        "decl": { "start": { "line": 19, "column": 22 }, "end": { "line": 19, "column": 23 } },
        "loc": { "start": { "line": 19, "column": 67 }, "end": { "line": 37, "column": null } }
      },
      "2": {
        "name": "(anonymous_2)",
        "decl": { "start": { "line": 24, "column": 18 }, "end": { "line": 24, "column": 19 } },
        "loc": { "start": { "line": 24, "column": 28 }, "end": { "line": 24, "column": 41 } }
      },
      "3": {
        "name": "(anonymous_3)",
        "decl": { "start": { "line": 25, "column": 15 }, "end": { "line": 25, "column": 16 } },
        "loc": { "start": { "line": 26, "column": 12 }, "end": { "line": 31, "column": null } }
      },
      "4": {
        "name": "(anonymous_4)",
        "decl": { "start": { "line": 28, "column": 52 }, "end": { "line": 28, "column": 53 } },
        "loc": { "start": { "line": 29, "column": 16 }, "end": { "line": 29, "column": null } }
      }
    },
    "branchMap": {
      "0": {
        "loc": { "start": { "line": 18, "column": 37 }, "end": { "line": 18, "column": 52 } },
        "type": "default-arg",
        "locations": [{ "start": { "line": 18, "column": 48 }, "end": { "line": 18, "column": 52 } }]
      },
      "1": {
        "loc": { "start": { "line": 18, "column": 73 }, "end": { "line": 18, "column": 91 } },
        "type": "default-arg",
        "locations": [{ "start": { "line": 18, "column": 84 }, "end": { "line": 18, "column": 91 } }]
      },
      "2": {
        "loc": { "start": { "line": 20, "column": 4 }, "end": { "line": 35, "column": null } },
        "type": "if",
        "locations": [
          { "start": { "line": 20, "column": 4 }, "end": { "line": 35, "column": null } },
          { "start": {}, "end": {} }
        ]
      },
      "3": {
        "loc": { "start": { "line": 21, "column": 6 }, "end": { "line": 33, "column": null } },
        "type": "if",
        "locations": [
          { "start": { "line": 21, "column": 6 }, "end": { "line": 33, "column": null } },
          { "start": {}, "end": {} }
        ]
      },
      "4": {
        "loc": { "start": { "line": 28, "column": 16 }, "end": { "line": 28, "column": 48 } },
        "type": "binary-expr",
        "locations": [
          { "start": { "line": 28, "column": 16 }, "end": { "line": 28, "column": 44 } },
          { "start": { "line": 28, "column": 44 }, "end": { "line": 28, "column": 48 } }
        ]
      },
      "5": {
        "loc": { "start": { "line": 40, "column": 16 }, "end": { "line": 40, "column": 28 } },
        "type": "binary-expr",
        "locations": [
          { "start": { "line": 40, "column": 16 }, "end": { "line": 40, "column": 22 } },
          { "start": { "line": 40, "column": 22 }, "end": { "line": 40, "column": 28 } }
        ]
      },
      "6": {
        "loc": { "start": { "line": 41, "column": 19 }, "end": { "line": 41, "column": 35 } },
        "type": "binary-expr",
        "locations": [
          { "start": { "line": 41, "column": 19 }, "end": { "line": 41, "column": 31 } },
          { "start": { "line": 41, "column": 31 }, "end": { "line": 41, "column": 35 } }
        ]
      }
    },
    "s": { "0": 0, "1": 0, "2": 0, "3": 0, "4": 0, "5": 0, "6": 0, "7": 0, "8": 0, "9": 0, "10": 0 },
    "f": { "0": 0, "1": 0, "2": 0, "3": 0, "4": 0 },
    "b": { "0": [0], "1": [0], "2": [0, 0], "3": [0, 0], "4": [0, 0], "5": [0, 0], "6": [0, 0] }
  },
  "C:/Users/Marionogame/Desktop/reeweb/src/Features/Ree/index.tsx": {
    "path": "C:/Users/Marionogame/Desktop/reeweb/src/Features/Ree/index.tsx",
    "statementMap": {
      "0": { "start": { "line": 14, "column": 21 }, "end": { "line": 15, "column": null } },
      "1": { "start": { "line": 17, "column": 32 }, "end": { "line": 121, "column": null } },
      "2": { "start": { "line": 18, "column": 38 }, "end": { "line": 18, "column": null } },
      "3": { "start": { "line": 19, "column": 34 }, "end": { "line": 19, "column": null } },
      "4": { "start": { "line": 20, "column": 36 }, "end": { "line": 20, "column": null } },
      "5": { "start": { "line": 21, "column": 38 }, "end": { "line": 21, "column": null } },
      "6": { "start": { "line": 23, "column": 35 }, "end": { "line": 23, "column": null } },
      "7": { "start": { "line": 25, "column": 2 }, "end": { "line": 30, "column": null } },
      "8": { "start": { "line": 26, "column": 4 }, "end": { "line": 26, "column": null } },
      "9": { "start": { "line": 27, "column": 4 }, "end": { "line": 29, "column": null } },
      "10": { "start": { "line": 28, "column": 6 }, "end": { "line": 28, "column": null } },
      "11": { "start": { "line": 32, "column": 22 }, "end": { "line": 43, "column": null } },
      "12": { "start": { "line": 33, "column": 36 }, "end": { "line": 38, "column": null } },
      "13": { "start": { "line": 34, "column": 28 }, "end": { "line": 36, "column": null } },
      "14": { "start": { "line": 35, "column": 8 }, "end": { "line": 35, "column": null } },
      "15": { "start": { "line": 37, "column": 6 }, "end": { "line": 37, "column": null } },
      "16": { "start": { "line": 39, "column": 4 }, "end": { "line": 42, "column": null } },
      "17": { "start": { "line": 40, "column": 6 }, "end": { "line": 40, "column": null } },
      "18": { "start": { "line": 41, "column": 6 }, "end": { "line": 41, "column": null } },
      "19": { "start": { "line": 46, "column": 23 }, "end": { "line": 49, "column": null } },
      "20": { "start": { "line": 47, "column": 4 }, "end": { "line": 47, "column": null } },
      "21": { "start": { "line": 48, "column": 4 }, "end": { "line": 48, "column": null } },
      "22": { "start": { "line": 52, "column": 22 }, "end": { "line": 67, "column": null } },
      "23": { "start": { "line": 53, "column": 25 }, "end": { "line": 53, "column": null } },
      "24": { "start": { "line": 54, "column": 26 }, "end": { "line": 54, "column": null } },
      "25": { "start": { "line": 55, "column": 26 }, "end": { "line": 55, "column": null } },
      "26": { "start": { "line": 56, "column": 4 }, "end": { "line": 60, "column": null } },
      "27": { "start": { "line": 57, "column": 6 }, "end": { "line": 57, "column": null } },
      "28": { "start": { "line": 58, "column": 6 }, "end": { "line": 58, "column": null } },
      "29": { "start": { "line": 59, "column": 6 }, "end": { "line": 59, "column": null } },
      "30": { "start": { "line": 61, "column": 4 }, "end": { "line": 61, "column": null } },
      "31": { "start": { "line": 62, "column": 4 }, "end": { "line": 66, "column": null } },
      "32": { "start": { "line": 69, "column": 2 }, "end": { "line": 69, "column": null } },
      "33": { "start": { "line": 69, "column": 15 }, "end": { "line": 69, "column": null } },
      "34": { "start": { "line": 70, "column": 2 }, "end": { "line": 70, "column": null } },
      "35": { "start": { "line": 70, "column": 13 }, "end": { "line": 70, "column": null } },
      "36": { "start": { "line": 72, "column": 2 }, "end": { "line": 72, "column": null } },
      "37": { "start": { "line": 72, "column": 13 }, "end": { "line": 72, "column": null } },
      "38": { "start": { "line": 74, "column": 2 }, "end": { "line": 119, "column": null } }
    },
    "fnMap": {
      "0": {
        "name": "(anonymous_0)",
        "decl": { "start": { "line": 17, "column": 32 }, "end": { "line": 17, "column": 38 } },
        "loc": { "start": { "line": 17, "column": 38 }, "end": { "line": 121, "column": null } }
      },
      "1": {
        "name": "(anonymous_1)",
        "decl": { "start": { "line": 25, "column": 12 }, "end": { "line": 25, "column": 18 } },
        "loc": { "start": { "line": 25, "column": 18 }, "end": { "line": 30, "column": 5 } }
      },
      "2": {
        "name": "(anonymous_2)",
        "decl": { "start": { "line": 32, "column": 22 }, "end": { "line": 32, "column": 23 } },
        "loc": { "start": { "line": 32, "column": 58 }, "end": { "line": 43, "column": null } }
      },
      "3": {
        "name": "(anonymous_3)",
        "decl": { "start": { "line": 33, "column": 53 }, "end": { "line": 33, "column": 54 } },
        "loc": { "start": { "line": 33, "column": 63 }, "end": { "line": 38, "column": 5 } }
      },
      "4": {
        "name": "(anonymous_4)",
        "decl": { "start": { "line": 34, "column": 57 }, "end": { "line": 34, "column": 58 } },
        "loc": { "start": { "line": 34, "column": 67 }, "end": { "line": 36, "column": 7 } }
      },
      "5": {
        "name": "(anonymous_5)",
        "decl": { "start": { "line": 46, "column": 23 }, "end": { "line": 46, "column": 24 } },
        "loc": { "start": { "line": 46, "column": 45 }, "end": { "line": 49, "column": null } }
      },
      "6": {
        "name": "(anonymous_6)",
        "decl": { "start": { "line": 52, "column": 22 }, "end": { "line": 52, "column": 23 } },
        "loc": { "start": { "line": 52, "column": 52 }, "end": { "line": 67, "column": null } }
      }
    },
    "branchMap": {
      "0": {
        "loc": { "start": { "line": 27, "column": 4 }, "end": { "line": 29, "column": null } },
        "type": "if",
        "locations": [
          { "start": { "line": 27, "column": 4 }, "end": { "line": 29, "column": null } },
          { "start": {}, "end": {} }
        ]
      },
      "1": {
        "loc": { "start": { "line": 27, "column": 8 }, "end": { "line": 27, "column": 40 } },
        "type": "binary-expr",
        "locations": [
          { "start": { "line": 27, "column": 8 }, "end": { "line": 27, "column": 16 } },
          { "start": { "line": 27, "column": 16 }, "end": { "line": 27, "column": 40 } }
        ]
      },
      "2": {
        "loc": { "start": { "line": 39, "column": 4 }, "end": { "line": 42, "column": null } },
        "type": "if",
        "locations": [
          { "start": { "line": 39, "column": 4 }, "end": { "line": 42, "column": null } },
          { "start": {}, "end": {} }
        ]
      },
      "3": {
        "loc": { "start": { "line": 58, "column": 25 }, "end": { "line": 58, "column": 61 } },
        "type": "cond-expr",
        "locations": [
          { "start": { "line": 58, "column": 46 }, "end": { "line": 58, "column": 51 } },
          { "start": { "line": 58, "column": 51 }, "end": { "line": 58, "column": 61 } }
        ]
      },
      "4": {
        "loc": { "start": { "line": 69, "column": 2 }, "end": { "line": 69, "column": null } },
        "type": "if",
        "locations": [
          { "start": { "line": 69, "column": 2 }, "end": { "line": 69, "column": null } },
          { "start": {}, "end": {} }
        ]
      },
      "5": {
        "loc": { "start": { "line": 70, "column": 2 }, "end": { "line": 70, "column": null } },
        "type": "if",
        "locations": [
          { "start": { "line": 70, "column": 2 }, "end": { "line": 70, "column": null } },
          { "start": {}, "end": {} }
        ]
      },
      "6": {
        "loc": { "start": { "line": 72, "column": 2 }, "end": { "line": 72, "column": null } },
        "type": "if",
        "locations": [
          { "start": { "line": 72, "column": 2 }, "end": { "line": 72, "column": null } },
          { "start": {}, "end": {} }
        ]
      }
    },
    "s": {
      "0": 1,
      "1": 1,
      "2": 10,
      "3": 10,
      "4": 10,
      "5": 10,
      "6": 10,
      "7": 10,
      "8": 8,
      "9": 8,
      "10": 3,
      "11": 10,
      "12": 3,
      "13": 0,
      "14": 0,
      "15": 0,
      "16": 3,
      "17": 0,
      "18": 0,
      "19": 10,
      "20": 0,
      "21": 0,
      "22": 10,
      "23": 0,
      "24": 0,
      "25": 0,
      "26": 0,
      "27": 0,
      "28": 0,
      "29": 0,
      "30": 0,
      "31": 0,
      "32": 10,
      "33": 5,
      "34": 5,
      "35": 2,
      "36": 3,
      "37": 0,
      "38": 3
    },
    "f": { "0": 10, "1": 8, "2": 3, "3": 0, "4": 0, "5": 0, "6": 0 },
    "b": { "0": [3, 5], "1": [8, 3], "2": [0, 3], "3": [0, 0], "4": [5, 5], "5": [2, 3], "6": [0, 3] }
  },
  "C:/Users/Marionogame/Desktop/reeweb/src/Features/Ree/Components/ButtonList/index.tsx": {
    "path": "C:/Users/Marionogame/Desktop/reeweb/src/Features/Ree/Components/ButtonList/index.tsx",
    "statementMap": {
      "0": { "start": { "line": 12, "column": 46 }, "end": { "line": 32, "column": null } },
      "1": { "start": { "line": 13, "column": 21 }, "end": { "line": 30, "column": null } },
      "2": { "start": { "line": 14, "column": 25 }, "end": { "line": 23, "column": null } },
      "3": { "start": { "line": 15, "column": 6 }, "end": { "line": 21, "column": null } },
      "4": { "start": { "line": 16, "column": 123 }, "end": { "line": 16, "column": 147 } },
      "5": { "start": { "line": 25, "column": 4 }, "end": { "line": 28, "column": null } },
      "6": { "start": { "line": 31, "column": 2 }, "end": { "line": 31, "column": null } }
    },
    "fnMap": {
      "0": {
        "name": "(anonymous_0)",
        "decl": { "start": { "line": 12, "column": 46 }, "end": { "line": 12, "column": 47 } },
        "loc": { "start": { "line": 12, "column": 85 }, "end": { "line": 32, "column": null } }
      },
      "1": {
        "name": "(anonymous_1)",
        "decl": { "start": { "line": 13, "column": 21 }, "end": { "line": 13, "column": 22 } },
        "loc": { "start": { "line": 13, "column": 47 }, "end": { "line": 30, "column": null } }
      },
      "2": {
        "name": "(anonymous_2)",
        "decl": { "start": { "line": 14, "column": 35 }, "end": { "line": 14, "column": 36 } },
        "loc": { "start": { "line": 14, "column": 50 }, "end": { "line": 23, "column": 5 } }
      },
      "3": {
        "name": "(anonymous_3)",
        "decl": { "start": { "line": 16, "column": 117 }, "end": { "line": 16, "column": 123 } },
        "loc": { "start": { "line": 16, "column": 123 }, "end": { "line": 16, "column": 147 } }
      }
    },
    "branchMap": {
      "0": {
        "loc": { "start": { "line": 16, "column": 23 }, "end": { "line": 16, "column": 108 } },
        "type": "cond-expr",
        "locations": [
          { "start": { "line": 16, "column": 65 }, "end": { "line": 16, "column": 90 } },
          { "start": { "line": 16, "column": 90 }, "end": { "line": 16, "column": 108 } }
        ]
      }
    },
    "s": { "0": 1, "1": 3, "2": 3, "3": 0, "4": 0, "5": 3, "6": 3 },
    "f": { "0": 3, "1": 3, "2": 0, "3": 0 },
    "b": { "0": [0, 0] }
  },
  "C:/Users/Marionogame/Desktop/reeweb/src/Features/Ree/Components/Table/index.tsx": {
    "path": "C:/Users/Marionogame/Desktop/reeweb/src/Features/Ree/Components/Table/index.tsx",
    "statementMap": {
      "0": { "start": { "line": 29, "column": 46 }, "end": { "line": 155, "column": null } },
      "1": { "start": { "line": 30, "column": 23 }, "end": { "line": 30, "column": null } },
      "2": { "start": { "line": 31, "column": 38 }, "end": { "line": 31, "column": null } },
      "3": { "start": { "line": 32, "column": 36 }, "end": { "line": 32, "column": null } },
      "4": { "start": { "line": 33, "column": 32 }, "end": { "line": 33, "column": null } },
      "5": { "start": { "line": 34, "column": 38 }, "end": { "line": 34, "column": null } },
      "6": { "start": { "line": 36, "column": 2 }, "end": { "line": 41, "column": null } },
      "7": { "start": { "line": 37, "column": 4 }, "end": { "line": 37, "column": null } },
      "8": { "start": { "line": 38, "column": 4 }, "end": { "line": 40, "column": null } },
      "9": { "start": { "line": 39, "column": 6 }, "end": { "line": 39, "column": null } },
      "10": { "start": { "line": 43, "column": 21 }, "end": { "line": 43, "column": null } },
      "11": { "start": { "line": 45, "column": 27 }, "end": { "line": 48, "column": null } },
      "12": { "start": { "line": 46, "column": 20 }, "end": { "line": 46, "column": null } },
      "13": { "start": { "line": 47, "column": 4 }, "end": { "line": 47, "column": null } },
      "14": { "start": { "line": 50, "column": 8 }, "end": { "line": 50, "column": null } },
      "15": { "start": { "line": 51, "column": 24 }, "end": { "line": 51, "column": null } },
      "16": { "start": { "line": 52, "column": 21 }, "end": { "line": 66, "column": null } },
      "17": { "start": { "line": 53, "column": 4 }, "end": { "line": 66, "column": null } },
      "18": { "start": { "line": 54, "column": 6 }, "end": { "line": 65, "column": null } },
      "19": { "start": { "line": 57, "column": 61 }, "end": { "line": 57, "column": 81 } },
      "20": { "start": { "line": 68, "column": 27 }, "end": { "line": 81, "column": null } },
      "21": { "start": { "line": 69, "column": 4 }, "end": { "line": 81, "column": null } },
      "22": { "start": { "line": 70, "column": 43 }, "end": { "line": 70, "column": 92 } },
      "23": { "start": { "line": 74, "column": 8 }, "end": { "line": 76, "column": null } },
      "24": { "start": { "line": 78, "column": 43 }, "end": { "line": 78, "column": 101 } },
      "25": { "start": { "line": 84, "column": 28 }, "end": { "line": 109, "column": null } },
      "26": { "start": { "line": 85, "column": 4 }, "end": { "line": 85, "column": null } },
      "27": { "start": { "line": 86, "column": 23 }, "end": { "line": 86, "column": null } },
      "28": { "start": { "line": 87, "column": 21 }, "end": { "line": 87, "column": null } },
      "29": { "start": { "line": 89, "column": 4 }, "end": { "line": 92, "column": null } },
      "30": { "start": { "line": 90, "column": 6 }, "end": { "line": 90, "column": null } },
      "31": { "start": { "line": 91, "column": 6 }, "end": { "line": 91, "column": null } },
      "32": { "start": { "line": 94, "column": 25 }, "end": { "line": 106, "column": null } },
      "33": { "start": { "line": 95, "column": 23 }, "end": { "line": 95, "column": null } },
      "34": { "start": { "line": 98, "column": 6 }, "end": { "line": 100, "column": null } },
      "35": { "start": { "line": 99, "column": 8 }, "end": { "line": 99, "column": null } },
      "36": { "start": { "line": 101, "column": 6 }, "end": { "line": 103, "column": null } },
      "37": { "start": { "line": 102, "column": 8 }, "end": { "line": 102, "column": null } },
      "38": { "start": { "line": 105, "column": 6 }, "end": { "line": 105, "column": null } },
      "39": { "start": { "line": 108, "column": 4 }, "end": { "line": 108, "column": null } },
      "40": { "start": { "line": 111, "column": 2 }, "end": { "line": 153, "column": null } },
      "41": { "start": { "line": 121, "column": 18 }, "end": { "line": 121, "column": null } },
      "42": { "start": { "line": 128, "column": 18 }, "end": { "line": 128, "column": null } },
      "43": { "start": { "line": 132, "column": 64 }, "end": { "line": 132, "column": 89 } }
    },
    "fnMap": {
      "0": {
        "name": "(anonymous_0)",
        "decl": { "start": { "line": 29, "column": 46 }, "end": { "line": 29, "column": 47 } },
        "loc": { "start": { "line": 29, "column": 86 }, "end": { "line": 155, "column": null } }
      },
      "1": {
        "name": "(anonymous_1)",
        "decl": { "start": { "line": 36, "column": 12 }, "end": { "line": 36, "column": 18 } },
        "loc": { "start": { "line": 36, "column": 18 }, "end": { "line": 41, "column": 5 } }
      },
      "2": {
        "name": "(anonymous_2)",
        "decl": { "start": { "line": 45, "column": 27 }, "end": { "line": 45, "column": 28 } },
        "loc": { "start": { "line": 45, "column": 86 }, "end": { "line": 48, "column": null } }
      },
      "3": {
        "name": "(anonymous_3)",
        "decl": { "start": { "line": 52, "column": 21 }, "end": { "line": 52, "column": null } },
        "loc": { "start": { "line": 53, "column": 4 }, "end": { "line": 66, "column": null } }
      },
      "4": {
        "name": "(anonymous_4)",
        "decl": { "start": { "line": 53, "column": 22 }, "end": { "line": 53, "column": 23 } },
        "loc": { "start": { "line": 54, "column": 6 }, "end": { "line": 65, "column": null } }
      },
      "5": {
        "name": "(anonymous_5)",
        "decl": { "start": { "line": 57, "column": 55 }, "end": { "line": 57, "column": 61 } },
        "loc": { "start": { "line": 57, "column": 61 }, "end": { "line": 57, "column": 81 } }
      },
      "6": {
        "name": "(anonymous_6)",
        "decl": { "start": { "line": 68, "column": 27 }, "end": { "line": 68, "column": null } },
        "loc": { "start": { "line": 69, "column": 4 }, "end": { "line": 81, "column": null } }
      },
      "7": {
        "name": "(anonymous_7)",
        "decl": { "start": { "line": 70, "column": 37 }, "end": { "line": 70, "column": 43 } },
        "loc": { "start": { "line": 70, "column": 43 }, "end": { "line": 70, "column": 92 } }
      },
      "8": {
        "name": "(anonymous_8)",
        "decl": { "start": { "line": 73, "column": 42 }, "end": { "line": 73, "column": 43 } },
        "loc": { "start": { "line": 74, "column": 8 }, "end": { "line": 76, "column": null } }
      },
      "9": {
        "name": "(anonymous_9)",
        "decl": { "start": { "line": 78, "column": 37 }, "end": { "line": 78, "column": 43 } },
        "loc": { "start": { "line": 78, "column": 43 }, "end": { "line": 78, "column": 101 } }
      },
      "10": {
        "name": "(anonymous_10)",
        "decl": { "start": { "line": 84, "column": 28 }, "end": { "line": 84, "column": 29 } },
        "loc": { "start": { "line": 84, "column": 50 }, "end": { "line": 109, "column": null } }
      },
      "11": {
        "name": "(anonymous_11)",
        "decl": { "start": { "line": 94, "column": 41 }, "end": { "line": 94, "column": 42 } },
        "loc": { "start": { "line": 94, "column": 51 }, "end": { "line": 106, "column": 5 } }
      },
      "12": {
        "name": "(anonymous_12)",
        "decl": { "start": { "line": 120, "column": 26 }, "end": { "line": 120, "column": 27 } },
        "loc": { "start": { "line": 120, "column": 44 }, "end": { "line": 122, "column": null } }
      },
      "13": {
        "name": "(anonymous_13)",
        "decl": { "start": { "line": 127, "column": 26 }, "end": { "line": 127, "column": 27 } },
        "loc": { "start": { "line": 127, "column": 44 }, "end": { "line": 129, "column": null } }
      },
      "14": {
        "name": "(anonymous_14)",
        "decl": { "start": { "line": 132, "column": 58 }, "end": { "line": 132, "column": 64 } },
        "loc": { "start": { "line": 132, "column": 64 }, "end": { "line": 132, "column": 89 } }
      }
    },
    "branchMap": {
      "0": {
        "loc": { "start": { "line": 38, "column": 4 }, "end": { "line": 40, "column": null } },
        "type": "if",
        "locations": [
          { "start": { "line": 38, "column": 4 }, "end": { "line": 40, "column": null } },
          { "start": {}, "end": {} }
        ]
      },
      "1": {
        "loc": { "start": { "line": 51, "column": 24 }, "end": { "line": 51, "column": null } },
        "type": "cond-expr",
        "locations": [
          { "start": { "line": 51, "column": 52 }, "end": { "line": 51, "column": 110 } },
          { "start": { "line": 51, "column": 110 }, "end": { "line": 51, "column": null } }
        ]
      },
      "2": {
        "loc": { "start": { "line": 54, "column": 37 }, "end": { "line": 54, "column": null } },
        "type": "cond-expr",
        "locations": [
          { "start": { "line": 54, "column": 93 }, "end": { "line": 54, "column": 111 } },
          { "start": { "line": 54, "column": 111 }, "end": { "line": 54, "column": null } }
        ]
      },
      "3": {
        "loc": { "start": { "line": 70, "column": 43 }, "end": { "line": 70, "column": 92 } },
        "type": "binary-expr",
        "locations": [
          { "start": { "line": 70, "column": 43 }, "end": { "line": 70, "column": 61 } },
          { "start": { "line": 70, "column": 61 }, "end": { "line": 70, "column": 92 } }
        ]
      },
      "4": {
        "loc": { "start": { "line": 78, "column": 43 }, "end": { "line": 78, "column": 101 } },
        "type": "binary-expr",
        "locations": [
          { "start": { "line": 78, "column": 43 }, "end": { "line": 78, "column": 70 } },
          { "start": { "line": 78, "column": 70 }, "end": { "line": 78, "column": 101 } }
        ]
      },
      "5": {
        "loc": { "start": { "line": 89, "column": 4 }, "end": { "line": 92, "column": null } },
        "type": "if",
        "locations": [
          { "start": { "line": 89, "column": 4 }, "end": { "line": 92, "column": null } },
          { "start": {}, "end": {} }
        ]
      },
      "6": {
        "loc": { "start": { "line": 89, "column": 8 }, "end": { "line": 89, "column": 48 } },
        "type": "binary-expr",
        "locations": [
          { "start": { "line": 89, "column": 8 }, "end": { "line": 89, "column": 30 } },
          { "start": { "line": 89, "column": 30 }, "end": { "line": 89, "column": 48 } }
        ]
      },
      "7": {
        "loc": { "start": { "line": 98, "column": 6 }, "end": { "line": 100, "column": null } },
        "type": "if",
        "locations": [
          { "start": { "line": 98, "column": 6 }, "end": { "line": 100, "column": null } },
          { "start": {}, "end": {} }
        ]
      },
      "8": {
        "loc": { "start": { "line": 98, "column": 10 }, "end": { "line": 98, "column": 68 } },
        "type": "binary-expr",
        "locations": [
          { "start": { "line": 98, "column": 10 }, "end": { "line": 98, "column": 33 } },
          { "start": { "line": 98, "column": 33 }, "end": { "line": 98, "column": 68 } }
        ]
      },
      "9": {
        "loc": { "start": { "line": 101, "column": 6 }, "end": { "line": 103, "column": null } },
        "type": "if",
        "locations": [
          { "start": { "line": 101, "column": 6 }, "end": { "line": 103, "column": null } },
          { "start": {}, "end": {} }
        ]
      },
      "10": {
        "loc": { "start": { "line": 101, "column": 10 }, "end": { "line": 101, "column": 64 } },
        "type": "binary-expr",
        "locations": [
          { "start": { "line": 101, "column": 10 }, "end": { "line": 101, "column": 31 } },
          { "start": { "line": 101, "column": 31 }, "end": { "line": 101, "column": 64 } }
        ]
      }
    },
    "s": {
      "0": 1,
      "1": 6,
      "2": 6,
      "3": 6,
      "4": 6,
      "5": 6,
      "6": 6,
      "7": 3,
      "8": 3,
      "9": 3,
      "10": 6,
      "11": 6,
      "12": 0,
      "13": 0,
      "14": 6,
      "15": 6,
      "16": 6,
      "17": 6,
      "18": 0,
      "19": 0,
      "20": 6,
      "21": 6,
      "22": 0,
      "23": 0,
      "24": 0,
      "25": 6,
      "26": 0,
      "27": 0,
      "28": 0,
      "29": 0,
      "30": 0,
      "31": 0,
      "32": 0,
      "33": 0,
      "34": 0,
      "35": 0,
      "36": 0,
      "37": 0,
      "38": 0,
      "39": 0,
      "40": 6,
      "41": 0,
      "42": 0,
      "43": 0
    },
    "f": { "0": 6, "1": 3, "2": 0, "3": 6, "4": 0, "5": 0, "6": 6, "7": 0, "8": 0, "9": 0, "10": 0, "11": 0, "12": 0, "13": 0, "14": 0 },
    "b": { "0": [3, 0], "1": [3, 3], "2": [0, 0], "3": [0, 0], "4": [0, 0], "5": [0, 0], "6": [0, 0], "7": [0, 0], "8": [0, 0], "9": [0, 0], "10": [0, 0] }
  },
  "C:/Users/Marionogame/Desktop/reeweb/src/Features/Ree/Test/Mock/Mock.tsx": {
    "path": "C:/Users/Marionogame/Desktop/reeweb/src/Features/Ree/Test/Mock/Mock.tsx",
    "statementMap": {
      "0": { "start": { "line": 5, "column": 23 }, "end": { "line": 6, "column": null } },
      "1": { "start": { "line": 9, "column": 39 }, "end": { "line": 57, "column": null } },
      "2": { "start": { "line": 58, "column": 25 }, "end": { "line": 65, "column": null } }
    },
    "fnMap": {},
    "branchMap": {},
    "s": { "0": 1, "1": 1, "2": 1 },
    "f": {},
    "b": {}
  },
  "C:/Users/Marionogame/Desktop/reeweb/src/Utils/formats.ts": {
    "path": "C:/Users/Marionogame/Desktop/reeweb/src/Utils/formats.ts",
    "statementMap": {
      "0": { "start": { "line": 3, "column": 0 }, "end": { "line": 3, "column": null } },
      "1": { "start": { "line": 6, "column": 2 }, "end": { "line": 15, "column": null } },
      "2": { "start": { "line": 7, "column": 24 }, "end": { "line": 7, "column": null } },
      "3": { "start": { "line": 8, "column": 4 }, "end": { "line": 10, "column": null } },
      "4": { "start": { "line": 9, "column": 6 }, "end": { "line": 9, "column": null } },
      "5": { "start": { "line": 11, "column": 4 }, "end": { "line": 13, "column": null } },
      "6": { "start": { "line": 12, "column": 6 }, "end": { "line": 12, "column": null } },
      "7": { "start": { "line": 14, "column": 4 }, "end": { "line": 14, "column": null } },
      "8": { "start": { "line": 16, "column": 2 }, "end": { "line": 16, "column": null } },
      "9": { "start": { "line": 18, "column": 28 }, "end": { "line": 23, "column": null } },
      "10": { "start": { "line": 19, "column": 2 }, "end": { "line": 21, "column": null } },
      "11": { "start": { "line": 20, "column": 4 }, "end": { "line": 20, "column": null } },
      "12": { "start": { "line": 22, "column": 2 }, "end": { "line": 22, "column": null } },
      "13": { "start": { "line": 26, "column": 2 }, "end": { "line": 35, "column": null } },
      "14": { "start": { "line": 27, "column": 24 }, "end": { "line": 27, "column": null } },
      "15": { "start": { "line": 28, "column": 4 }, "end": { "line": 30, "column": null } },
      "16": { "start": { "line": 29, "column": 6 }, "end": { "line": 29, "column": null } },
      "17": { "start": { "line": 31, "column": 4 }, "end": { "line": 33, "column": null } },
      "18": { "start": { "line": 32, "column": 6 }, "end": { "line": 32, "column": null } },
      "19": { "start": { "line": 34, "column": 4 }, "end": { "line": 34, "column": null } },
      "20": { "start": { "line": 36, "column": 2 }, "end": { "line": 36, "column": null } },
      "21": { "start": { "line": 40, "column": 2 }, "end": { "line": 40, "column": null } },
      "22": { "start": { "line": 40, "column": 21 }, "end": { "line": 40, "column": null } },
      "23": { "start": { "line": 41, "column": 17 }, "end": { "line": 41, "column": null } },
      "24": { "start": { "line": 42, "column": 2 }, "end": { "line": 44, "column": null } },
      "25": { "start": { "line": 43, "column": 4 }, "end": { "line": 43, "column": null } },
      "26": { "start": { "line": 45, "column": 2 }, "end": { "line": 45, "column": null } },
      "27": { "start": { "line": 49, "column": 21 }, "end": { "line": 55, "column": null } },
      "28": { "start": { "line": 50, "column": 4 }, "end": { "line": 54, "column": null } },
      "29": { "start": { "line": 56, "column": 2 }, "end": { "line": 56, "column": null } }
    },
    "fnMap": {
      "0": {
        "name": "phoneFormat",
        "decl": { "start": { "line": 5, "column": 16 }, "end": { "line": 5, "column": 28 } },
        "loc": { "start": { "line": 5, "column": 52 }, "end": { "line": 17, "column": null } }
      },
      "1": {
        "name": "(anonymous_1)",
        "decl": { "start": { "line": 18, "column": 28 }, "end": { "line": 18, "column": 29 } },
        "loc": { "start": { "line": 18, "column": 75 }, "end": { "line": 23, "column": null } }
      },
      "2": {
        "name": "RNCFormat",
        "decl": { "start": { "line": 25, "column": 16 }, "end": { "line": 25, "column": 26 } },
        "loc": { "start": { "line": 25, "column": 50 }, "end": { "line": 37, "column": null } }
      },
      "3": {
        "name": "padWithZero",
        "decl": { "start": { "line": 39, "column": 16 }, "end": { "line": 39, "column": 28 } },
        "loc": { "start": { "line": 39, "column": 52 }, "end": { "line": 46, "column": null } }
      },
      "4": {
        "name": "dropdownFormat",
        "decl": { "start": { "line": 48, "column": 16 }, "end": { "line": 48, "column": 34 } },
        "loc": { "start": { "line": 48, "column": 123 }, "end": { "line": 57, "column": null } }
      },
      "5": {
        "name": "(anonymous_5)",
        "decl": { "start": { "line": 49, "column": 31 }, "end": { "line": 49, "column": 32 } },
        "loc": { "start": { "line": 49, "column": 48 }, "end": { "line": 55, "column": 3 } }
      }
    },
    "branchMap": {
      "0": {
        "loc": { "start": { "line": 6, "column": 2 }, "end": { "line": 15, "column": null } },
        "type": "if",
        "locations": [
          { "start": { "line": 6, "column": 2 }, "end": { "line": 15, "column": null } },
          { "start": {}, "end": {} }
        ]
      },
      "1": {
        "loc": { "start": { "line": 8, "column": 4 }, "end": { "line": 10, "column": null } },
        "type": "if",
        "locations": [
          { "start": { "line": 8, "column": 4 }, "end": { "line": 10, "column": null } },
          { "start": {}, "end": {} }
        ]
      },
      "2": {
        "loc": { "start": { "line": 11, "column": 4 }, "end": { "line": 13, "column": null } },
        "type": "if",
        "locations": [
          { "start": { "line": 11, "column": 4 }, "end": { "line": 13, "column": null } },
          { "start": {}, "end": {} }
        ]
      },
      "3": {
        "loc": { "start": { "line": 19, "column": 2 }, "end": { "line": 21, "column": null } },
        "type": "if",
        "locations": [
          { "start": { "line": 19, "column": 2 }, "end": { "line": 21, "column": null } },
          { "start": {}, "end": {} }
        ]
      },
      "4": {
        "loc": { "start": { "line": 26, "column": 2 }, "end": { "line": 35, "column": null } },
        "type": "if",
        "locations": [
          { "start": { "line": 26, "column": 2 }, "end": { "line": 35, "column": null } },
          { "start": {}, "end": {} }
        ]
      },
      "5": {
        "loc": { "start": { "line": 28, "column": 4 }, "end": { "line": 30, "column": null } },
        "type": "if",
        "locations": [
          { "start": { "line": 28, "column": 4 }, "end": { "line": 30, "column": null } },
          { "start": {}, "end": {} }
        ]
      },
      "6": {
        "loc": { "start": { "line": 31, "column": 4 }, "end": { "line": 33, "column": null } },
        "type": "if",
        "locations": [
          { "start": { "line": 31, "column": 4 }, "end": { "line": 33, "column": null } },
          { "start": {}, "end": {} }
        ]
      },
      "7": {
        "loc": { "start": { "line": 40, "column": 2 }, "end": { "line": 40, "column": null } },
        "type": "if",
        "locations": [
          { "start": { "line": 40, "column": 2 }, "end": { "line": 40, "column": null } },
          { "start": {}, "end": {} }
        ]
      },
      "8": {
        "loc": { "start": { "line": 42, "column": 2 }, "end": { "line": 44, "column": null } },
        "type": "if",
        "locations": [
          { "start": { "line": 42, "column": 2 }, "end": { "line": 44, "column": null } },
          { "start": {}, "end": {} }
        ]
      }
    },
    "s": {
      "0": 1,
      "1": 0,
      "2": 0,
      "3": 0,
      "4": 0,
      "5": 0,
      "6": 0,
      "7": 0,
      "8": 0,
      "9": 1,
      "10": 0,
      "11": 0,
      "12": 0,
      "13": 0,
      "14": 0,
      "15": 0,
      "16": 0,
      "17": 0,
      "18": 0,
      "19": 0,
      "20": 0,
      "21": 0,
      "22": 0,
      "23": 0,
      "24": 0,
      "25": 0,
      "26": 0,
      "27": 0,
      "28": 0,
      "29": 0
    },
    "f": { "0": 0, "1": 0, "2": 0, "3": 0, "4": 0, "5": 0 },
    "b": { "0": [0, 0], "1": [0, 0], "2": [0, 0], "3": [0, 0], "4": [0, 0], "5": [0, 0], "6": [0, 0], "7": [0, 0], "8": [0, 0] }
  },
  "C:/Users/Marionogame/Desktop/reeweb/src/Utils/staticData.ts": {
    "path": "C:/Users/Marionogame/Desktop/reeweb/src/Utils/staticData.ts",
    "statementMap": { "0": { "start": { "line": 1, "column": 22 }, "end": { "line": 1, "column": null } } },
    "fnMap": {},
    "branchMap": {},
    "s": { "0": 1 },
    "f": {},
    "b": {}
  }
}
